TN:
SF:E:\deployment\fe_code_unit2\src\views\test\Test.vue
FNF:0
FNH:0
DA:16,2
DA:28,0
DA:32,1
DA:33,0
DA:38,1
LF:5
LH:3
BRF:0
BRH:0
end_of_record
TN:
SF:E:\deployment\fe_code_unit2\src\views\report\index\advertiser-report\index.vue
FN:214,(anonymous_0)
FN:215,(anonymous_1)
FN:221,(anonymous_2)
FN:249,(anonymous_3)
FN:255,(anonymous_4)
FN:281,(anonymous_5)
FN:296,(anonymous_6)
FN:337,(anonymous_7)
FN:369,(anonymous_8)
FN:393,(anonymous_9)
FN:423,(anonymous_10)
FN:477,(anonymous_11)
FN:488,(anonymous_12)
FN:515,(anonymous_13)
FN:531,(anonymous_14)
FN:544,(anonymous_15)
FN:569,(anonymous_16)
FN:593,(anonymous_17)
FN:618,(anonymous_18)
FNF:19
FNH:2
FNDA:1,(anonymous_0)
FNDA:1,(anonymous_1)
FNDA:0,(anonymous_2)
FNDA:0,(anonymous_3)
FNDA:0,(anonymous_4)
FNDA:0,(anonymous_5)
FNDA:0,(anonymous_6)
FNDA:0,(anonymous_7)
FNDA:0,(anonymous_8)
FNDA:0,(anonymous_9)
FNDA:0,(anonymous_10)
FNDA:0,(anonymous_11)
FNDA:0,(anonymous_12)
FNDA:0,(anonymous_13)
FNDA:0,(anonymous_14)
FNDA:0,(anonymous_15)
FNDA:0,(anonymous_16)
FNDA:0,(anonymous_17)
FNDA:0,(anonymous_18)
DA:128,1
DA:214,1
DA:215,1
DA:222,0
DA:249,0
DA:250,0
DA:255,1
DA:259,0
DA:260,0
DA:261,0
DA:262,0
DA:267,0
DA:268,0
DA:269,0
DA:270,0
DA:271,0
DA:272,0
DA:273,0
DA:277,0
DA:278,0
DA:282,0
DA:283,0
DA:289,0
DA:294,0
DA:295,0
DA:297,0
DA:298,0
DA:299,0
DA:300,0
DA:303,0
DA:304,0
DA:305,0
DA:307,0
DA:308,0
DA:309,0
DA:314,0
DA:315,0
DA:316,0
DA:322,0
DA:323,0
DA:325,0
DA:333,0
DA:334,0
DA:338,0
DA:339,0
DA:340,0
DA:341,0
DA:344,0
DA:345,0
DA:346,0
DA:347,0
DA:351,0
DA:358,0
DA:359,0
DA:361,0
DA:365,0
DA:366,0
DA:370,0
DA:371,0
DA:372,0
DA:375,0
DA:376,0
DA:377,0
DA:378,0
DA:379,0
DA:381,0
DA:382,0
DA:386,0
DA:392,0
DA:393,0
DA:394,0
DA:395,0
DA:396,0
DA:399,0
DA:400,0
DA:401,0
DA:402,0
DA:406,0
DA:413,0
DA:414,0
DA:416,0
DA:422,0
DA:423,0
DA:424,0
DA:425,0
DA:426,0
DA:429,0
DA:430,0
DA:431,0
DA:432,0
DA:433,0
DA:438,0
DA:439,0
DA:444,0
DA:445,0
DA:450,0
DA:451,0
DA:457,0
DA:467,0
DA:468,0
DA:470,0
DA:476,0
DA:477,0
DA:478,0
DA:479,0
DA:480,0
DA:481,0
DA:484,0
DA:485,0
DA:488,0
DA:489,0
DA:490,0
DA:491,0
DA:498,0
DA:506,0
DA:507,0
DA:512,0
DA:513,0
DA:515,0
DA:516,0
DA:519,0
DA:521,0
DA:527,0
DA:528,0
DA:532,0
DA:534,0
DA:540,0
DA:541,0
DA:545,0
DA:546,0
DA:547,0
DA:548,0
DA:549,0
DA:554,0
DA:555,0
DA:556,0
DA:557,0
DA:559,0
DA:565,0
DA:566,0
DA:570,0
DA:571,0
DA:572,0
DA:573,0
DA:574,0
DA:579,0
DA:580,0
DA:581,0
DA:582,0
DA:584,0
DA:590,0
DA:591,0
DA:594,0
DA:596,0
DA:601,1
DA:614,1
DA:615,0
DA:618,0
DA:619,0
DA:620,0
DA:621,0
DA:625,0
DA:626,0
DA:627,0
DA:629,0
DA:630,0
DA:632,0
LF:167
LH:6
BRDA:297,0,0,0
BRDA:297,0,1,0
BRDA:322,1,0,0
BRDA:322,1,1,0
BRDA:338,2,0,0
BRDA:338,2,1,0
BRDA:370,3,0,0
BRDA:370,3,1,0
BRDA:394,4,0,0
BRDA:394,4,1,0
BRDA:424,5,0,0
BRDA:424,5,1,0
BRDA:432,6,0,0
BRDA:432,6,1,0
BRDA:438,7,0,0
BRDA:438,7,1,0
BRDA:444,8,0,0
BRDA:444,8,1,0
BRDA:450,9,0,0
BRDA:450,9,1,0
BRDA:478,10,0,0
BRDA:478,10,1,0
BRDA:490,11,0,0
BRDA:490,11,1,0
BRDA:490,12,0,0
BRDA:490,12,1,0
BRF:26
BRH:0
end_of_record
TN:
SF:E:\deployment\fe_code_unit2\src\views\report\index\advertiser-report\advertiser-report-content.vue
FNF:0
FNH:0
LF:0
LH:0
BRF:0
BRH:0
end_of_record
TN:
SF:E:\deployment\fe_code_unit2\src\views\report\index\public\sub-type\advertise-type.vue
FN:80,(anonymous_0)
FNF:1
FNH:0
FNDA:0,(anonymous_0)
DA:74,0
DA:81,0
DA:82,0
LF:3
LH:0
BRF:0
BRH:0
end_of_record
TN:
SF:E:\deployment\fe_code_unit2\src\views\report\index\public\chart\chart-pie.vue
FN:24,(anonymous_0)
FNF:1
FNH:0
FNDA:0,(anonymous_0)
DA:20,0
DA:25,0
DA:26,0
DA:33,0
DA:78,0
DA:82,0
DA:83,0
LF:7
LH:0
BRF:0
BRH:0
end_of_record
TN:
SF:E:\deployment\fe_code_unit2\src\views\report\index\public\sub-type\creative-data.vue
FN:76,(anonymous_0)
FNF:1
FNH:0
FNDA:0,(anonymous_0)
DA:70,0
DA:77,0
LF:2
LH:0
BRF:0
BRH:0
end_of_record
TN:
SF:E:\deployment\fe_code_unit2\src\views\report\index\public\sub-type\creative-group.vue
FN:110,(anonymous_0)
FN:119,(anonymous_1)
FN:125,(anonymous_2)
FNF:3
FNH:0
FNDA:0,(anonymous_0)
FNDA:0,(anonymous_1)
FNDA:0,(anonymous_2)
DA:87,0
DA:94,0
DA:102,0
DA:110,0
DA:111,0
DA:114,0
DA:120,0
DA:126,0
LF:8
LH:0
BRF:0
BRH:0
end_of_record
TN:
SF:E:\deployment\fe_code_unit2\src\views\report\index\public\chart\chart-line.vue
FN:30,(anonymous_0)
FNF:1
FNH:0
FNDA:0,(anonymous_0)
DA:23,0
DA:31,0
DA:32,0
DA:39,0
DA:62,0
DA:66,0
DA:67,0
LF:7
LH:0
BRF:0
BRH:0
end_of_record
TN:
SF:E:\deployment\fe_code_unit2\src\views\report\index\public\sub-type\crowd-data.vue
FN:107,(anonymous_0)
FN:115,(anonymous_1)
FN:121,(anonymous_2)
FNF:3
FNH:0
FNDA:0,(anonymous_0)
FNDA:0,(anonymous_1)
FNDA:0,(anonymous_2)
DA:84,0
DA:91,0
DA:99,0
DA:107,0
DA:108,0
DA:111,0
DA:116,0
DA:122,0
LF:8
LH:0
BRF:0
BRH:0
end_of_record
TN:
SF:E:\deployment\fe_code_unit2\src\views\report\index\public\sub-type\data-trend.vue
FN:86,(anonymous_0)
FN:91,(anonymous_1)
FN:117,(anonymous_2)
FN:124,(anonymous_3)
FN:140,(anonymous_4)
FN:147,(anonymous_5)
FN:159,(anonymous_6)
FN:168,(anonymous_7)
FN:180,(anonymous_8)
FN:187,(anonymous_9)
FNF:10
FNH:0
FNDA:0,(anonymous_0)
FNDA:0,(anonymous_1)
FNDA:0,(anonymous_2)
FNDA:0,(anonymous_3)
FNDA:0,(anonymous_4)
FNDA:0,(anonymous_5)
FNDA:0,(anonymous_6)
FNDA:0,(anonymous_7)
FNDA:0,(anonymous_8)
FNDA:0,(anonymous_9)
DA:49,0
DA:78,0
DA:79,0
DA:81,0
DA:87,0
DA:92,0
DA:99,0
DA:107,0
DA:108,0
DA:109,0
DA:112,0
DA:114,0
DA:117,0
DA:124,0
DA:132,0
DA:133,0
DA:134,0
DA:137,0
DA:140,0
DA:147,0
DA:156,0
DA:159,0
DA:166,0
DA:169,0
DA:178,0
DA:180,0
DA:187,0
DA:188,0
DA:191,0
LF:29
LH:0
BRDA:78,0,0,0
BRDA:78,0,1,0
BRDA:109,1,0,0
BRDA:109,1,1,0
BRDA:112,2,0,0
BRDA:112,2,1,0
BRDA:132,3,0,0
BRDA:132,3,1,0
BRF:8
BRH:0
end_of_record
TN:
SF:E:\deployment\fe_code_unit2\src\views\report\index\public\sub-type\data-type.vue
FN:222,(anonymous_0)
FN:223,(anonymous_1)
FN:224,(anonymous_2)
FN:225,(anonymous_3)
FN:226,(anonymous_4)
FN:227,(anonymous_5)
FNF:6
FNH:0
FNDA:0,(anonymous_0)
FNDA:0,(anonymous_1)
FNDA:0,(anonymous_2)
FNDA:0,(anonymous_3)
FNDA:0,(anonymous_4)
FNDA:0,(anonymous_5)
DA:168,0
DA:179,0
DA:180,0
DA:181,0
DA:182,0
DA:183,0
DA:189,0
DA:190,0
DA:191,0
DA:192,0
DA:198,0
DA:199,0
DA:200,0
DA:201,0
DA:222,0
DA:223,0
DA:224,0
DA:225,0
DA:226,0
DA:227,0
DA:231,0
DA:237,0
DA:238,0
DA:244,0
DA:250,0
DA:257,0
DA:260,0
DA:262,0
DA:263,0
DA:264,0
DA:266,0
DA:267,0
DA:268,0
DA:270,0
DA:271,0
DA:272,0
DA:274,0
DA:275,0
DA:276,0
DA:278,0
DA:279,0
DA:280,0
DA:282,0
DA:283,0
DA:284,0
DA:289,0
DA:290,0
DA:297,0
DA:298,0
DA:299,0
DA:301,0
DA:302,0
DA:304,0
DA:306,0
LF:54
LH:0
BRDA:260,0,0,0
BRDA:260,0,1,0
BRDA:260,0,2,0
BRDA:260,0,3,0
BRDA:260,0,4,0
BRDA:260,0,5,0
BRF:6
BRH:0
end_of_record
TN:
SF:E:\deployment\fe_code_unit2\src\views\report\index\public\sub-type\device-percent.vue
FN:123,(anonymous_0)
FN:132,(anonymous_1)
FN:142,(anonymous_2)
FNF:3
FNH:0
FNDA:0,(anonymous_0)
FNDA:0,(anonymous_1)
FNDA:0,(anonymous_2)
DA:98,0
DA:107,0
DA:115,0
DA:123,0
DA:124,0
DA:127,0
DA:133,0
DA:137,0
DA:144,0
DA:145,0
DA:147,0
DA:152,0
DA:159,0
DA:160,0
DA:162,0
DA:163,0
DA:165,0
DA:166,0
DA:168,0
DA:169,0
DA:171,0
DA:172,0
DA:174,0
LF:23
LH:0
BRDA:160,0,0,0
BRDA:160,0,1,0
BRDA:160,0,2,0
BRDA:160,0,3,0
BRF:4
BRH:0
end_of_record
TN:
SF:E:\deployment\fe_code_unit2\src\views\report\index\public\sub-type\media-type.vue
FN:79,(anonymous_0)
FNF:1
FNH:0
FNDA:0,(anonymous_0)
DA:73,0
DA:80,0
LF:2
LH:0
BRF:0
BRH:0
end_of_record
TN:
SF:E:\deployment\fe_code_unit2\src\views\report\index\public\sub-type\point-position.vue
FN:84,(anonymous_0)
FN:95,(anonymous_1)
FN:109,(anonymous_2)
FNF:3
FNH:0
FNDA:0,(anonymous_0)
FNDA:0,(anonymous_1)
FNDA:0,(anonymous_2)
DA:76,0
DA:85,0
DA:96,0
DA:109,0
DA:110,0
LF:5
LH:0
BRF:0
BRH:0
end_of_record
TN:
SF:E:\deployment\fe_code_unit2\src\views\report\index\public\sub-type\region-type.vue
FN:80,(anonymous_0)
FNF:1
FNH:0
FNDA:0,(anonymous_0)
DA:74,0
DA:81,0
DA:88,0
DA:89,0
DA:90,0
DA:92,0
DA:93,0
DA:94,0
DA:96,0
DA:98,0
DA:99,0
DA:100,0
DA:101,0
DA:103,0
LF:14
LH:0
BRDA:89,0,0,0
BRDA:89,0,1,0
BRDA:93,1,0,0
BRDA:93,1,1,0
BRDA:98,2,0,0
BRDA:98,2,1,0
BRDA:100,3,0,0
BRDA:100,3,1,0
BRF:8
BRH:0
end_of_record
TN:
SF:E:\deployment\fe_code_unit2\src\views\report\index\public\chart\chart-map.vue
FN:30,(anonymous_0)
FNF:1
FNH:0
FNDA:0,(anonymous_0)
DA:26,0
DA:31,0
DA:32,0
DA:39,0
DA:43,0
DA:45,0
DA:114,0
DA:118,0
DA:119,0
LF:9
LH:0
BRF:0
BRH:0
end_of_record
TN:
SF:E:\deployment\fe_code_unit2\src\views\report\index\public\chart\map.js
FN:267,(anonymous_0)
FNF:1
FNH:0
FNDA:0,(anonymous_0)
DA:1,1
DA:42,1
DA:74,1
DA:267,1
DA:268,0
DA:269,0
DA:270,0
DA:271,0
DA:272,0
DA:278,0
LF:10
LH:4
BRDA:271,0,0,0
BRDA:271,0,1,0
BRF:2
BRH:0
end_of_record
TN:
SF:E:\deployment\fe_code_unit2\src\store\index.js
FNF:0
FNH:0
DA:5,1
DA:13,1
DA:16,1
DA:19,1
DA:22,1
DA:25,1
LF:6
LH:6
BRF:0
BRH:0
end_of_record
TN:
SF:E:\deployment\fe_code_unit2\src\store\user\index.js
FN:14,(anonymous_0)
FN:40,(anonymous_1)
FN:42,(anonymous_2)
FN:57,(anonymous_3)
FN:63,(anonymous_4)
FN:65,(anonymous_5)
FN:69,(anonymous_6)
FNF:7
FNH:1
FNDA:1,(anonymous_0)
FNDA:0,(anonymous_1)
FNDA:0,(anonymous_2)
FNDA:0,(anonymous_3)
FNDA:0,(anonymous_4)
FNDA:0,(anonymous_5)
FNDA:0,(anonymous_6)
DA:5,1
DA:13,1
DA:15,1
DA:18,1
DA:20,0
DA:23,0
DA:26,0
DA:29,0
DA:32,0
DA:35,0
DA:38,1
DA:40,0
DA:41,0
DA:43,0
DA:44,0
DA:45,0
DA:46,0
DA:47,0
DA:48,0
DA:49,0
DA:50,0
DA:51,0
DA:54,0
DA:58,0
DA:63,0
DA:64,0
DA:66,0
DA:67,0
DA:70,0
DA:75,0
DA:76,0
DA:77,0
DA:78,0
DA:79,0
DA:80,0
DA:81,0
DA:82,0
LF:37
LH:5
BRDA:43,0,0,0
BRDA:43,0,1,0
BRF:2
BRH:0
end_of_record
TN:
SF:E:\deployment\fe_code_unit2\src\services\fetch.js
FN:6,(anonymous_0)
FN:25,(anonymous_1)
FN:29,(anonymous_2)
FN:39,(anonymous_3)
FN:47,(anonymous_4)
FN:49,(anonymous_5)
FNF:6
FNH:0
FNDA:0,(anonymous_0)
FNDA:0,(anonymous_1)
FNDA:0,(anonymous_2)
FNDA:0,(anonymous_3)
FNDA:0,(anonymous_4)
FNDA:0,(anonymous_5)
DA:6,1
DA:7,0
DA:8,0
DA:9,0
DA:10,0
DA:11,0
DA:13,0
DA:14,0
DA:16,0
DA:18,0
DA:19,0
DA:21,1
DA:22,1
DA:26,0
DA:29,1
DA:30,0
DA:31,0
DA:32,0
DA:34,0
DA:37,1
DA:39,1
DA:40,0
DA:41,0
DA:42,0
DA:43,0
DA:48,0
DA:50,0
DA:51,0
DA:56,0
LF:29
LH:6
BRDA:10,0,0,0
BRDA:10,0,1,0
BRDA:10,1,0,0
BRDA:10,1,1,0
BRDA:13,2,0,0
BRDA:13,2,1,0
BRDA:41,3,0,0
BRDA:41,3,1,0
BRDA:41,4,0,0
BRDA:41,4,1,0
BRF:10
BRH:0
end_of_record
TN:
SF:E:\deployment\fe_code_unit2\src\router\index.js
FN:22,(anonymous_0)
FN:60,(anonymous_1)
FNF:2
FNH:0
FNDA:0,(anonymous_0)
FNDA:0,(anonymous_1)
DA:20,1
DA:22,1
DA:23,0
DA:26,1
DA:38,1
DA:42,1
DA:44,1
DA:60,1
DA:61,0
DA:62,0
DA:63,0
DA:64,0
DA:66,0
DA:67,0
DA:68,0
DA:69,0
DA:71,0
LF:17
LH:7
BRDA:61,0,0,0
BRDA:61,0,1,0
BRDA:66,1,0,0
BRDA:66,1,1,0
BRDA:68,2,0,0
BRDA:68,2,1,0
BRF:6
BRH:0
end_of_record
TN:
SF:E:\deployment\fe_code_unit2\src\router\user.js
FN:9,(anonymous_0)
FN:24,(anonymous_1)
FN:38,(anonymous_2)
FN:41,(anonymous_3)
FNF:4
FNH:0
FNDA:0,(anonymous_0)
FNDA:0,(anonymous_1)
FNDA:0,(anonymous_2)
FNDA:0,(anonymous_3)
DA:9,1
DA:10,0
DA:13,1
DA:25,0
DA:26,0
DA:27,0
DA:28,0
DA:29,0
DA:31,0
DA:37,0
DA:39,0
DA:42,0
LF:12
LH:2
BRDA:26,0,0,0
BRDA:26,0,1,0
BRDA:26,1,0,0
BRDA:26,1,1,0
BRDA:28,2,0,0
BRDA:28,2,1,0
BRF:6
BRH:0
end_of_record
TN:
SF:E:\deployment\fe_code_unit2\src\views\login\index.vue
FN:81,(anonymous_0)
FN:92,(anonymous_1)
FN:96,(anonymous_2)
FNF:3
FNH:0
FNDA:0,(anonymous_0)
FNDA:0,(anonymous_1)
FNDA:0,(anonymous_2)
DA:47,0
DA:72,0
DA:73,0
DA:78,0
DA:81,0
DA:82,0
DA:83,0
DA:85,0
DA:90,0
DA:91,0
DA:93,0
DA:94,0
DA:97,0
DA:98,0
DA:99,0
DA:106,0
DA:107,0
DA:110,0
LF:18
LH:0
BRDA:82,0,0,0
BRDA:82,0,1,0
BRDA:107,1,0,0
BRDA:107,1,1,0
BRF:4
BRH:0
end_of_record
TN:
SF:E:\deployment\fe_code_unit2\src\views\choose\index.vue
FN:62,(anonymous_0)
FN:63,(anonymous_1)
FN:64,(anonymous_2)
FN:65,(anonymous_3)
FNF:4
FNH:0
FNDA:0,(anonymous_0)
FNDA:0,(anonymous_1)
FNDA:0,(anonymous_2)
FNDA:0,(anonymous_3)
DA:62,0
DA:63,0
DA:64,0
DA:65,0
DA:68,0
DA:71,0
DA:80,0
DA:82,0
DA:83,0
DA:84,0
DA:85,0
DA:91,0
DA:98,0
DA:99,0
DA:100,0
DA:101,0
DA:102,0
DA:108,0
LF:18
LH:0
BRDA:80,0,0,0
BRDA:80,0,1,0
BRDA:82,1,0,0
BRDA:82,1,1,0
BRDA:98,2,0,0
BRDA:98,2,1,0
BRDA:99,3,0,0
BRDA:99,3,1,0
BRF:8
BRH:0
end_of_record
TN:
SF:E:\deployment\fe_code_unit2\src\views\layout\LayoutHeader.vue
FNF:0
FNH:0
DA:37,0
DA:42,0
DA:52,0
DA:53,0
DA:59,0
DA:64,0
LF:6
LH:0
BRDA:52,0,0,0
BRDA:52,0,1,0
BRDA:52,1,0,0
BRDA:52,1,1,0
BRF:4
BRH:0
end_of_record
TN:
SF:E:\deployment\fe_code_unit2\src\views\layout\LayoutFooter.vue
FNF:0
FNH:0
LF:0
LH:0
BRF:0
BRH:0
end_of_record
TN:
SF:E:\deployment\fe_code_unit2\src\router\advertiser.js
FNF:0
FNH:0
DA:11,1
LF:1
LH:1
BRF:0
BRH:0
end_of_record
TN:
SF:E:\deployment\fe_code_unit2\src\views\layout\LayoutAdvertiser.vue
FNF:0
FNH:0
LF:0
LH:0
BRF:0
BRH:0
end_of_record
TN:
SF:E:\deployment\fe_code_unit2\src\views\layout\NavAdvertiser.vue
FNF:0
FNH:0
LF:0
LH:0
BRF:0
BRH:0
end_of_record
TN:
SF:E:\deployment\fe_code_unit2\src\views\advertiser\index\index.vue
FNF:0
FNH:0
DA:42,0
DA:49,0
DA:50,0
DA:53,0
LF:4
LH:0
BRF:0
BRH:0
end_of_record
TN:
SF:E:\deployment\fe_code_unit2\src\views\advertiser\index\ader-list\index.vue
FN:149,(anonymous_0)
FN:154,(anonymous_1)
FN:162,(anonymous_2)
FN:181,(anonymous_3)
FN:189,(anonymous_4)
FN:199,(anonymous_5)
FN:202,(anonymous_6)
FNF:7
FNH:0
FNDA:0,(anonymous_0)
FNDA:0,(anonymous_1)
FNDA:0,(anonymous_2)
FNDA:0,(anonymous_3)
FNDA:0,(anonymous_4)
FNDA:0,(anonymous_5)
FNDA:0,(anonymous_6)
DA:105,0
DA:127,0
DA:131,0
DA:132,0
DA:145,0
DA:148,0
DA:149,0
DA:150,0
DA:155,0
DA:156,0
DA:157,0
DA:158,0
DA:160,0
DA:163,0
DA:164,0
DA:170,0
DA:171,0
DA:174,0
DA:175,0
DA:179,0
DA:182,0
DA:183,0
DA:184,0
DA:187,0
DA:190,0
DA:195,0
DA:196,0
DA:197,0
DA:198,0
DA:200,0
DA:203,0
DA:204,0
DA:205,0
DA:210,0
DA:211,0
DA:213,0
DA:217,0
DA:219,0
DA:223,0
DA:225,0
DA:229,0
DA:231,0
DA:235,0
DA:237,0
DA:242,0
DA:246,0
DA:247,0
DA:248,0
DA:249,0
LF:49
LH:0
BRDA:156,0,0,0
BRDA:156,0,1,0
BRDA:156,1,0,0
BRDA:156,1,1,0
BRDA:182,2,0,0
BRDA:182,2,1,0
BRDA:182,3,0,0
BRDA:182,3,1,0
BRDA:211,4,0,0
BRDA:211,4,1,0
BRDA:211,4,2,0
BRDA:211,4,3,0
BRDA:211,4,4,0
BRF:13
BRH:0
end_of_record
TN:
SF:E:\deployment\fe_code_unit2\src\views\advertiser\index\ader-list\dialog_detail.vue
FN:106,(anonymous_0)
FN:187,(anonymous_1)
FN:196,(anonymous_2)
FNF:3
FNH:0
FNDA:0,(anonymous_0)
FNDA:0,(anonymous_1)
FNDA:0,(anonymous_2)
DA:106,0
DA:114,0
DA:117,0
DA:118,0
DA:121,0
DA:122,0
DA:124,0
DA:128,0
DA:130,0
DA:134,0
DA:136,0
DA:140,0
DA:142,0
DA:146,0
DA:148,0
DA:153,0
DA:156,0
DA:157,0
DA:160,0
DA:164,0
DA:165,0
DA:167,0
DA:168,0
DA:170,0
DA:171,0
DA:173,0
DA:174,0
DA:176,0
DA:177,0
DA:180,0
DA:184,0
DA:185,0
DA:186,0
DA:188,0
DA:192,0
DA:196,0
DA:197,0
DA:199,0
DA:200,0
DA:203,0
LF:40
LH:0
BRDA:122,0,0,0
BRDA:122,0,1,0
BRDA:122,0,2,0
BRDA:122,0,3,0
BRDA:122,0,4,0
BRDA:156,1,0,0
BRDA:156,1,1,0
BRDA:164,2,0,0
BRDA:164,2,1,0
BRDA:167,3,0,0
BRDA:167,3,1,0
BRDA:170,4,0,0
BRDA:170,4,1,0
BRDA:173,5,0,0
BRDA:173,5,1,0
BRDA:176,6,0,0
BRDA:176,6,1,0
BRDA:185,7,0,0
BRDA:185,7,1,0
BRDA:199,8,0,0
BRDA:199,8,1,0
BRDA:200,9,0,0
BRDA:200,9,1,0
BRF:23
BRH:0
end_of_record
TN:
SF:E:\deployment\fe_code_unit2\src\views\advertiser\index\ader-list\dialog_brand.vue
FN:76,(anonymous_0)
FN:92,(anonymous_1)
FN:93,(anonymous_2)
FN:145,(anonymous_3)
FN:148,(anonymous_4)
FN:155,(anonymous_5)
FN:172,(anonymous_6)
FN:181,(anonymous_7)
FN:193,(anonymous_8)
FN:197,(anonymous_9)
FN:200,(anonymous_10)
FN:218,(anonymous_11)
FNF:12
FNH:0
FNDA:0,(anonymous_0)
FNDA:0,(anonymous_1)
FNDA:0,(anonymous_2)
FNDA:0,(anonymous_3)
FNDA:0,(anonymous_4)
FNDA:0,(anonymous_5)
FNDA:0,(anonymous_6)
FNDA:0,(anonymous_7)
FNDA:0,(anonymous_8)
FNDA:0,(anonymous_9)
FNDA:0,(anonymous_10)
FNDA:0,(anonymous_11)
DA:76,1
DA:77,0
DA:92,0
DA:93,0
DA:97,0
DA:115,0
DA:116,0
DA:117,0
DA:119,0
DA:122,0
DA:123,0
DA:124,0
DA:127,0
DA:128,0
DA:129,0
DA:131,0
DA:132,0
DA:139,0
DA:140,0
DA:146,0
DA:149,0
DA:150,0
DA:153,0
DA:156,0
DA:161,0
DA:167,0
DA:170,0
DA:171,0
DA:172,0
DA:173,0
DA:179,0
DA:180,0
DA:181,0
DA:182,0
DA:183,0
DA:184,0
DA:185,0
DA:186,0
DA:187,0
DA:190,0
DA:192,0
DA:195,0
DA:196,0
DA:198,0
DA:201,0
DA:202,0
DA:205,0
DA:210,0
DA:215,0
DA:218,0
DA:219,0
LF:51
LH:1
BRDA:116,0,0,0
BRDA:116,0,1,0
BRDA:131,1,0,0
BRDA:131,1,1,0
BRDA:131,2,0,0
BRDA:131,2,1,0
BRDA:149,3,0,0
BRDA:149,3,1,0
BRDA:171,4,0,0
BRDA:171,4,1,0
BRDA:182,5,0,0
BRDA:182,5,1,0
BRDA:186,6,0,0
BRDA:186,6,1,0
BRDA:195,7,0,0
BRDA:195,7,1,0
BRDA:205,8,0,0
BRDA:205,8,1,0
BRF:18
BRH:0
end_of_record
TN:
SF:E:\deployment\fe_code_unit2\src\views\advertiser\index\ader-data\index.vue
FN:267,(anonymous_0)
FN:274,(anonymous_1)
FN:285,(anonymous_2)
FN:345,(anonymous_3)
FN:354,(anonymous_4)
FN:355,(anonymous_5)
FN:358,(anonymous_6)
FN:361,(anonymous_7)
FN:368,(anonymous_8)
FN:371,(anonymous_9)
FN:379,(anonymous_10)
FN:385,(anonymous_11)
FN:388,(anonymous_12)
FN:395,(anonymous_13)
FN:452,(anonymous_14)
FN:460,(anonymous_15)
FNF:16
FNH:0
FNDA:0,(anonymous_0)
FNDA:0,(anonymous_1)
FNDA:0,(anonymous_2)
FNDA:0,(anonymous_3)
FNDA:0,(anonymous_4)
FNDA:0,(anonymous_5)
FNDA:0,(anonymous_6)
FNDA:0,(anonymous_7)
FNDA:0,(anonymous_8)
FNDA:0,(anonymous_9)
FNDA:0,(anonymous_10)
FNDA:0,(anonymous_11)
FNDA:0,(anonymous_12)
FNDA:0,(anonymous_13)
FNDA:0,(anonymous_14)
FNDA:0,(anonymous_15)
DA:208,0
DA:252,0
DA:256,0
DA:266,0
DA:267,0
DA:268,0
DA:275,0
DA:276,0
DA:277,0
DA:278,0
DA:279,0
DA:282,0
DA:286,0
DA:287,0
DA:293,0
DA:294,0
DA:297,0
DA:298,0
DA:302,0
DA:303,0
DA:307,0
DA:308,0
DA:310,0
DA:313,0
DA:319,0
DA:323,0
DA:324,0
DA:328,0
DA:329,0
DA:334,0
DA:335,0
DA:336,0
DA:337,0
DA:338,0
DA:339,0
DA:344,0
DA:346,0
DA:352,0
DA:353,0
DA:355,0
DA:356,0
DA:357,0
DA:359,0
DA:365,0
DA:368,0
DA:369,0
DA:372,0
DA:373,0
DA:374,0
DA:377,0
DA:380,0
DA:385,0
DA:386,0
DA:389,0
DA:390,0
DA:393,0
DA:396,0
DA:401,0
DA:402,0
DA:404,0
DA:408,0
DA:410,0
DA:414,0
DA:416,0
DA:421,0
DA:424,0
DA:425,0
DA:427,0
DA:431,0
DA:433,0
DA:437,0
DA:439,0
DA:444,0
DA:448,0
DA:453,0
DA:454,0
DA:455,0
DA:458,0
DA:461,0
DA:466,0
DA:467,0
DA:468,0
DA:469,0
LF:83
LH:0
BRDA:276,0,0,0
BRDA:276,0,1,0
BRDA:302,1,0,0
BRDA:302,1,1,0
BRDA:307,2,0,0
BRDA:307,2,1,0
BRDA:323,3,0,0
BRDA:323,3,1,0
BRDA:328,4,0,0
BRDA:328,4,1,0
BRDA:338,5,0,0
BRDA:338,5,1,0
BRDA:372,6,0,0
BRDA:372,6,1,0
BRDA:389,7,0,0
BRDA:389,7,1,0
BRDA:402,8,0,0
BRDA:402,8,1,0
BRDA:402,8,2,0
BRDA:425,9,0,0
BRDA:425,9,1,0
BRDA:425,9,2,0
BRDA:453,10,0,0
BRDA:453,10,1,0
BRF:24
BRH:0
end_of_record
TN:
SF:E:\deployment\fe_code_unit2\src\views\advertiser\index\ader-data\dialog_chart.vue
FN:22,(anonymous_0)
FN:32,(anonymous_1)
FNF:2
FNH:0
FNDA:0,(anonymous_0)
FNDA:0,(anonymous_1)
DA:11,0
DA:12,0
DA:23,0
DA:24,0
DA:32,0
DA:33,0
DA:34,0
DA:35,0
DA:37,0
DA:65,0
LF:10
LH:0
BRDA:23,0,0,0
BRDA:23,0,1,0
BRF:2
BRH:0
end_of_record
TN:
SF:E:\deployment\fe_code_unit2\src\views\public\checkbox-dropdown.vue
FN:46,(anonymous_0)
FNF:1
FNH:0
FNDA:0,(anonymous_0)
DA:23,0
DA:46,0
DA:47,0
DA:52,0
LF:4
LH:0
BRF:0
BRH:0
end_of_record
TN:
SF:E:\deployment\fe_code_unit2\src\views\public\alert-list.vue
FN:47,(anonymous_0)
FN:65,(anonymous_1)
FN:66,(anonymous_2)
FN:74,(anonymous_3)
FNF:4
FNH:0
FNDA:0,(anonymous_0)
FNDA:0,(anonymous_1)
FNDA:0,(anonymous_2)
FNDA:0,(anonymous_3)
DA:41,0
DA:48,0
DA:55,0
DA:56,0
DA:61,0
DA:65,0
DA:66,0
DA:67,0
DA:68,0
DA:69,0
DA:72,0
DA:75,0
DA:80,0
LF:13
LH:0
BRDA:55,0,0,0
BRDA:55,0,1,0
BRDA:67,1,0,0
BRDA:67,1,1,0
BRDA:68,2,0,0
BRDA:68,2,1,0
BRF:6
BRH:0
end_of_record
TN:
SF:E:\deployment\fe_code_unit2\src\views\public\alert-item.vue
FNF:0
FNH:0
DA:13,0
DA:30,0
LF:2
LH:0
BRF:0
BRH:0
end_of_record
TN:
SF:E:\deployment\fe_code_unit2\src\views\advertiser\create\index.vue
FN:243,(anonymous_0)
FN:271,(anonymous_1)
FN:272,(anonymous_2)
FN:317,(anonymous_3)
FN:339,(anonymous_4)
FN:346,(anonymous_5)
FN:351,(anonymous_6)
FN:362,(anonymous_7)
FNF:8
FNH:0
FNDA:0,(anonymous_0)
FNDA:0,(anonymous_1)
FNDA:0,(anonymous_2)
FNDA:0,(anonymous_3)
FNDA:0,(anonymous_4)
FNDA:0,(anonymous_5)
FNDA:0,(anonymous_6)
FNDA:0,(anonymous_7)
DA:209,0
DA:244,0
DA:245,0
DA:248,0
DA:271,0
DA:272,0
DA:281,0
DA:282,0
DA:283,0
DA:285,0
DA:286,0
DA:287,0
DA:289,0
DA:290,0
DA:291,0
DA:293,0
DA:296,0
DA:297,0
DA:300,0
DA:301,0
DA:302,0
DA:303,0
DA:305,0
DA:306,0
DA:307,0
DA:309,0
DA:310,0
DA:311,0
DA:313,0
DA:316,0
DA:317,0
DA:318,0
DA:319,0
DA:322,0
DA:327,0
DA:330,0
DA:333,0
DA:336,0
DA:339,0
DA:340,0
DA:341,0
DA:345,0
DA:347,0
DA:348,0
DA:349,0
DA:352,0
DA:359,0
DA:363,0
DA:364,0
DA:367,0
DA:372,0
DA:378,0
DA:379,0
LF:53
LH:0
BRDA:244,0,0,0
BRDA:244,0,1,0
BRDA:244,1,0,0
BRDA:244,1,1,0
BRDA:282,2,0,0
BRDA:282,2,1,0
BRDA:285,3,0,0
BRDA:285,3,1,0
BRDA:285,4,0,0
BRDA:285,4,1,0
BRDA:289,5,0,0
BRDA:289,5,1,0
BRDA:301,6,0,0
BRDA:301,6,1,0
BRDA:305,7,0,0
BRDA:305,7,1,0
BRDA:305,8,0,0
BRDA:305,8,1,0
BRDA:309,9,0,0
BRDA:309,9,1,0
BRDA:318,10,0,0
BRDA:318,10,1,0
BRDA:322,11,0,0
BRDA:322,11,1,0
BRDA:340,12,0,0
BRDA:340,12,1,0
BRDA:348,13,0,0
BRDA:348,13,1,0
BRF:28
BRH:0
end_of_record
TN:
SF:E:\deployment\fe_code_unit2\src\views\advertiser\create\dialog-agent-add.vue
FN:24,(anonymous_0)
FN:51,(anonymous_1)
FN:73,(anonymous_2)
FN:76,(anonymous_3)
FN:89,(anonymous_4)
FNF:5
FNH:0
FNDA:0,(anonymous_0)
FNDA:0,(anonymous_1)
FNDA:0,(anonymous_2)
FNDA:0,(anonymous_3)
FNDA:0,(anonymous_4)
DA:24,1
DA:25,0
DA:39,0
DA:52,0
DA:53,0
DA:56,0
DA:70,0
DA:73,0
DA:74,0
DA:75,0
DA:77,0
DA:78,0
DA:79,0
DA:80,0
DA:83,0
DA:90,0
DA:96,0
DA:101,0
LF:18
LH:1
BRDA:52,0,0,0
BRDA:52,0,1,0
BRDA:52,1,0,0
BRDA:52,1,1,0
BRDA:74,2,0,0
BRDA:74,2,1,0
BRDA:77,3,0,0
BRDA:77,3,1,0
BRF:8
BRH:0
end_of_record
TN:
SF:E:\deployment\fe_code_unit2\src\views\advertiser\create\dialog-agent-list.vue
FN:62,(anonymous_0)
FN:84,(anonymous_1)
FN:110,(anonymous_2)
FN:113,(anonymous_3)
FN:129,(anonymous_4)
FNF:5
FNH:0
FNDA:0,(anonymous_0)
FNDA:0,(anonymous_1)
FNDA:0,(anonymous_2)
FNDA:0,(anonymous_3)
FNDA:0,(anonymous_4)
DA:62,0
DA:66,0
DA:85,0
DA:86,0
DA:89,0
DA:103,0
DA:106,0
DA:107,0
DA:110,0
DA:111,0
DA:112,0
DA:114,0
DA:115,0
DA:116,0
DA:120,0
DA:123,0
DA:130,0
DA:137,0
DA:142,0
LF:19
LH:0
BRDA:85,0,0,0
BRDA:85,0,1,0
BRDA:85,1,0,0
BRDA:85,1,1,0
BRDA:111,2,0,0
BRDA:111,2,1,0
BRDA:114,3,0,0
BRDA:114,3,1,0
BRF:8
BRH:0
end_of_record
TN:
SF:E:\deployment\fe_code_unit2\src\views\advertiser\create\edit.vue
FN:244,(anonymous_0)
FN:272,(anonymous_1)
FN:273,(anonymous_2)
FN:313,(anonymous_3)
FN:335,(anonymous_4)
FN:342,(anonymous_5)
FN:347,(anonymous_6)
FN:358,(anonymous_7)
FN:379,(anonymous_8)
FN:388,(anonymous_9)
FNF:10
FNH:0
FNDA:0,(anonymous_0)
FNDA:0,(anonymous_1)
FNDA:0,(anonymous_2)
FNDA:0,(anonymous_3)
FNDA:0,(anonymous_4)
FNDA:0,(anonymous_5)
FNDA:0,(anonymous_6)
FNDA:0,(anonymous_7)
FNDA:0,(anonymous_8)
FNDA:0,(anonymous_9)
DA:209,0
DA:245,0
DA:246,0
DA:249,0
DA:272,0
DA:273,0
DA:282,0
DA:283,0
DA:284,0
DA:286,0
DA:287,0
DA:288,0
DA:290,0
DA:291,0
DA:292,0
DA:294,0
DA:297,0
DA:298,0
DA:299,0
DA:301,0
DA:302,0
DA:303,0
DA:305,0
DA:306,0
DA:307,0
DA:309,0
DA:312,0
DA:313,0
DA:314,0
DA:315,0
DA:318,0
DA:323,0
DA:326,0
DA:329,0
DA:332,0
DA:335,0
DA:336,0
DA:337,0
DA:341,0
DA:343,0
DA:344,0
DA:345,0
DA:348,0
DA:355,0
DA:359,0
DA:360,0
DA:363,0
DA:368,0
DA:374,0
DA:375,0
DA:376,0
DA:377,0
DA:378,0
DA:380,0
DA:381,0
DA:382,0
DA:385,0
DA:389,0
LF:58
LH:0
BRDA:245,0,0,0
BRDA:245,0,1,0
BRDA:245,1,0,0
BRDA:245,1,1,0
BRDA:283,2,0,0
BRDA:283,2,1,0
BRDA:286,3,0,0
BRDA:286,3,1,0
BRDA:286,4,0,0
BRDA:286,4,1,0
BRDA:290,5,0,0
BRDA:290,5,1,0
BRDA:298,6,0,0
BRDA:298,6,1,0
BRDA:298,6,2,0
BRDA:301,7,0,0
BRDA:301,7,1,0
BRDA:301,8,0,0
BRDA:301,8,1,0
BRDA:305,9,0,0
BRDA:305,9,1,0
BRDA:314,10,0,0
BRDA:314,10,1,0
BRDA:318,11,0,0
BRDA:318,11,1,0
BRDA:336,12,0,0
BRDA:336,12,1,0
BRDA:344,13,0,0
BRDA:344,13,1,0
BRDA:380,14,0,0
BRDA:380,14,1,0
BRDA:380,15,0,0
BRDA:380,15,1,0
BRF:33
BRH:0
end_of_record
TN:
SF:E:\deployment\fe_code_unit2\src\views\advertiser\audit\index.vue
FN:134,(anonymous_0)
FN:138,(anonymous_1)
FN:145,(anonymous_2)
FN:153,(anonymous_3)
FN:155,(anonymous_4)
FN:164,(anonymous_5)
FN:173,(anonymous_6)
FN:176,(anonymous_7)
FN:186,(anonymous_8)
FN:198,(anonymous_9)
FN:201,(anonymous_10)
FN:210,(anonymous_11)
FN:221,(anonymous_12)
FN:224,(anonymous_13)
FN:231,(anonymous_14)
FN:238,(anonymous_15)
FN:241,(anonymous_16)
FN:251,(anonymous_17)
FN:254,(anonymous_18)
FN:261,(anonymous_19)
FN:268,(anonymous_20)
FN:270,(anonymous_21)
FN:274,(anonymous_22)
FN:278,(anonymous_23)
FN:288,(anonymous_24)
FN:290,(anonymous_25)
FN:297,(anonymous_26)
FN:314,(anonymous_27)
FN:318,(anonymous_28)
FN:328,(anonymous_29)
FN:333,(anonymous_30)
FN:353,(anonymous_31)
FN:397,(anonymous_32)
FN:405,(anonymous_33)
FN:413,(anonymous_34)
FN:422,(anonymous_35)
FN:432,(anonymous_36)
FN:466,(anonymous_37)
FN:478,(anonymous_38)
FNF:39
FNH:0
FNDA:0,(anonymous_0)
FNDA:0,(anonymous_1)
FNDA:0,(anonymous_2)
FNDA:0,(anonymous_3)
FNDA:0,(anonymous_4)
FNDA:0,(anonymous_5)
FNDA:0,(anonymous_6)
FNDA:0,(anonymous_7)
FNDA:0,(anonymous_8)
FNDA:0,(anonymous_9)
FNDA:0,(anonymous_10)
FNDA:0,(anonymous_11)
FNDA:0,(anonymous_12)
FNDA:0,(anonymous_13)
FNDA:0,(anonymous_14)
FNDA:0,(anonymous_15)
FNDA:0,(anonymous_16)
FNDA:0,(anonymous_17)
FNDA:0,(anonymous_18)
FNDA:0,(anonymous_19)
FNDA:0,(anonymous_20)
FNDA:0,(anonymous_21)
FNDA:0,(anonymous_22)
FNDA:0,(anonymous_23)
FNDA:0,(anonymous_24)
FNDA:0,(anonymous_25)
FNDA:0,(anonymous_26)
FNDA:0,(anonymous_27)
FNDA:0,(anonymous_28)
FNDA:0,(anonymous_29)
FNDA:0,(anonymous_30)
FNDA:0,(anonymous_31)
FNDA:0,(anonymous_32)
FNDA:0,(anonymous_33)
FNDA:0,(anonymous_34)
FNDA:0,(anonymous_35)
FNDA:0,(anonymous_36)
FNDA:0,(anonymous_37)
FNDA:0,(anonymous_38)
DA:106,0
DA:132,0
DA:133,0
DA:135,0
DA:137,0
DA:139,0
DA:145,0
DA:146,0
DA:153,0
DA:154,0
DA:156,0
DA:157,0
DA:158,0
DA:161,0
DA:165,0
DA:171,0
DA:172,0
DA:173,0
DA:174,0
DA:177,0
DA:178,0
DA:179,0
DA:180,0
DA:183,0
DA:187,0
DA:188,0
DA:198,0
DA:199,0
DA:202,0
DA:203,0
DA:204,0
DA:207,0
DA:211,0
DA:221,0
DA:222,0
DA:225,0
DA:226,0
DA:229,0
DA:232,0
DA:237,0
DA:239,0
DA:242,0
DA:251,0
DA:252,0
DA:255,0
DA:256,0
DA:259,0
DA:262,0
DA:267,0
DA:269,0
DA:271,0
DA:272,0
DA:275,0
DA:288,0
DA:289,0
DA:291,0
DA:292,0
DA:295,0
DA:298,0
DA:303,0
DA:304,0
DA:306,0
DA:307,0
DA:310,0
DA:311,0
DA:315,0
DA:316,0
DA:317,0
DA:319,0
DA:320,0
DA:324,0
DA:325,0
DA:326,0
DA:327,0
DA:329,0
DA:330,0
DA:331,0
DA:334,0
DA:340,0
DA:341,0
DA:342,0
DA:343,0
DA:344,0
DA:345,0
DA:346,0
DA:353,0
DA:354,0
DA:356,0
DA:367,0
DA:369,0
DA:371,0
DA:374,0
DA:375,0
DA:376,0
DA:377,0
DA:380,0
DA:384,0
DA:385,0
DA:388,0
DA:390,0
DA:393,0
DA:395,0
DA:396,0
DA:397,0
DA:398,0
DA:399,0
DA:400,0
DA:401,0
DA:403,0
DA:404,0
DA:405,0
DA:406,0
DA:407,0
DA:412,0
DA:413,0
DA:414,0
DA:417,0
DA:418,0
DA:419,0
DA:421,0
DA:422,0
DA:423,0
DA:426,0
DA:427,0
DA:428,0
DA:430,0
DA:431,0
DA:432,0
DA:433,0
DA:435,0
DA:436,0
DA:439,0
DA:442,0
DA:443,0
DA:445,0
DA:446,0
DA:448,0
DA:449,0
DA:451,0
DA:452,0
DA:454,0
DA:455,0
DA:458,0
DA:465,0
DA:466,0
DA:467,0
DA:468,0
DA:471,0
DA:477,0
DA:478,0
DA:479,0
DA:480,0
DA:483,0
LF:153
LH:0
BRDA:156,0,0,0
BRDA:156,0,1,0
BRDA:178,1,0,0
BRDA:178,1,1,0
BRDA:202,2,0,0
BRDA:202,2,1,0
BRDA:225,3,0,0
BRDA:225,3,1,0
BRDA:242,4,0,0
BRDA:242,4,1,0
BRDA:255,5,0,0
BRDA:255,5,1,0
BRDA:275,6,0,0
BRDA:275,6,1,0
BRDA:291,7,0,0
BRDA:291,7,1,0
BRDA:303,8,0,0
BRDA:303,8,1,0
BRDA:306,9,0,0
BRDA:306,9,1,0
BRDA:310,10,0,0
BRDA:310,10,1,0
BRDA:369,11,0,0
BRDA:369,11,1,0
BRDA:369,12,0,0
BRDA:369,12,1,0
BRDA:374,13,0,0
BRDA:374,13,1,0
BRDA:384,14,0,0
BRDA:384,14,1,0
BRDA:396,15,0,0
BRDA:396,15,1,0
BRDA:398,16,0,0
BRDA:398,16,1,0
BRDA:398,17,0,0
BRDA:398,17,1,0
BRDA:403,18,0,0
BRDA:403,18,1,0
BRDA:403,19,0,0
BRDA:403,19,1,0
BRDA:406,20,0,0
BRDA:406,20,1,0
BRDA:412,21,0,0
BRDA:412,21,1,0
BRDA:417,22,0,0
BRDA:417,22,1,0
BRDA:417,22,2,0
BRDA:426,23,0,0
BRDA:426,23,1,0
BRDA:427,24,0,0
BRDA:427,24,1,0
BRDA:427,24,2,0
BRDA:431,25,0,0
BRDA:431,25,1,0
BRDA:431,26,0,0
BRDA:431,26,1,0
BRDA:435,27,0,0
BRDA:435,27,1,0
BRDA:435,27,2,0
BRDA:442,28,0,0
BRDA:442,28,1,0
BRDA:445,29,0,0
BRDA:445,29,1,0
BRDA:448,30,0,0
BRDA:448,30,1,0
BRDA:451,31,0,0
BRDA:451,31,1,0
BRDA:454,32,0,0
BRDA:454,32,1,0
BRDA:467,33,0,0
BRDA:467,33,1,0
BRDA:467,34,0,0
BRDA:467,34,1,0
BRDA:479,35,0,0
BRDA:479,35,1,0
BRDA:479,36,0,0
BRDA:479,36,1,0
BRF:77
BRH:0
end_of_record
TN:
SF:E:\deployment\fe_code_unit2\src\views\advertiser\audit\common.vue
FN:38,(anonymous_0)
FN:45,(anonymous_1)
FN:52,(anonymous_2)
FN:96,(anonymous_3)
FN:145,(anonymous_4)
FN:147,(anonymous_5)
FN:154,(anonymous_6)
FN:167,(anonymous_7)
FN:169,(anonymous_8)
FN:176,(anonymous_9)
FN:182,(anonymous_10)
FN:194,(anonymous_11)
FN:198,(anonymous_12)
FN:207,(anonymous_13)
FN:211,(anonymous_14)
FNF:15
FNH:0
FNDA:0,(anonymous_0)
FNDA:0,(anonymous_1)
FNDA:0,(anonymous_2)
FNDA:0,(anonymous_3)
FNDA:0,(anonymous_4)
FNDA:0,(anonymous_5)
FNDA:0,(anonymous_6)
FNDA:0,(anonymous_7)
FNDA:0,(anonymous_8)
FNDA:0,(anonymous_9)
FNDA:0,(anonymous_10)
FNDA:0,(anonymous_11)
FNDA:0,(anonymous_12)
FNDA:0,(anonymous_13)
FNDA:0,(anonymous_14)
DA:38,1
DA:39,0
DA:40,0
DA:42,0
DA:45,1
DA:46,0
DA:47,0
DA:49,0
DA:52,1
DA:53,0
DA:54,0
DA:57,0
DA:89,0
DA:95,0
DA:96,0
DA:97,0
DA:98,0
DA:99,0
DA:104,0
DA:105,0
DA:110,0
DA:111,0
DA:116,0
DA:118,0
DA:122,0
DA:126,0
DA:130,0
DA:133,0
DA:134,0
DA:135,0
DA:145,0
DA:146,0
DA:148,0
DA:149,0
DA:152,0
DA:155,0
DA:167,0
DA:168,0
DA:170,0
DA:171,0
DA:174,0
DA:177,0
DA:182,0
DA:183,0
DA:184,0
DA:185,0
DA:186,0
DA:187,0
DA:189,0
DA:190,0
DA:195,0
DA:196,0
DA:197,0
DA:199,0
DA:200,0
DA:204,0
DA:208,0
DA:209,0
DA:210,0
DA:212,0
DA:213,0
DA:217,0
LF:62
LH:3
BRDA:39,0,0,0
BRDA:39,0,1,0
BRDA:46,1,0,0
BRDA:46,1,1,0
BRDA:53,2,0,0
BRDA:53,2,1,0
BRDA:53,3,0,0
BRDA:53,3,1,0
BRDA:53,3,2,0
BRDA:98,4,0,0
BRDA:98,4,1,0
BRDA:104,5,0,0
BRDA:104,5,1,0
BRDA:104,6,0,0
BRDA:104,6,1,0
BRDA:110,7,0,0
BRDA:110,7,1,0
BRDA:110,8,0,0
BRDA:110,8,1,0
BRDA:148,9,0,0
BRDA:148,9,1,0
BRDA:170,10,0,0
BRDA:170,10,1,0
BRDA:183,11,0,0
BRDA:183,11,1,0
BRDA:189,12,0,0
BRDA:189,12,1,0
BRF:27
BRH:0
end_of_record
TN:
SF:E:\deployment\fe_code_unit2\src\views\advertiser\audit\youku.vue
FN:38,(anonymous_0)
FN:74,(anonymous_1)
FN:133,(anonymous_2)
FN:164,(anonymous_3)
FN:166,(anonymous_4)
FN:173,(anonymous_5)
FN:186,(anonymous_6)
FN:188,(anonymous_7)
FN:195,(anonymous_8)
FN:201,(anonymous_9)
FN:213,(anonymous_10)
FN:217,(anonymous_11)
FN:226,(anonymous_12)
FN:230,(anonymous_13)
FNF:14
FNH:0
FNDA:0,(anonymous_0)
FNDA:0,(anonymous_1)
FNDA:0,(anonymous_2)
FNDA:0,(anonymous_3)
FNDA:0,(anonymous_4)
FNDA:0,(anonymous_5)
FNDA:0,(anonymous_6)
FNDA:0,(anonymous_7)
FNDA:0,(anonymous_8)
FNDA:0,(anonymous_9)
FNDA:0,(anonymous_10)
FNDA:0,(anonymous_11)
FNDA:0,(anonymous_12)
FNDA:0,(anonymous_13)
DA:38,1
DA:39,0
DA:40,0
DA:42,0
DA:74,0
DA:75,0
DA:76,0
DA:79,0
DA:82,0
DA:133,0
DA:134,0
DA:136,0
DA:137,0
DA:140,0
DA:145,0
DA:149,0
DA:152,0
DA:153,0
DA:154,0
DA:164,0
DA:165,0
DA:167,0
DA:168,0
DA:171,0
DA:174,0
DA:186,0
DA:187,0
DA:189,0
DA:190,0
DA:193,0
DA:196,0
DA:201,0
DA:202,0
DA:203,0
DA:204,0
DA:205,0
DA:206,0
DA:208,0
DA:209,0
DA:214,0
DA:215,0
DA:216,0
DA:218,0
DA:219,0
DA:223,0
DA:227,0
DA:228,0
DA:229,0
DA:231,0
DA:232,0
DA:236,0
LF:51
LH:1
BRDA:39,0,0,0
BRDA:39,0,1,0
BRDA:75,1,0,0
BRDA:75,1,1,0
BRDA:75,2,0,0
BRDA:75,2,1,0
BRDA:75,2,2,0
BRDA:136,3,0,0
BRDA:136,3,1,0
BRDA:136,4,0,0
BRDA:136,4,1,0
BRDA:136,4,2,0
BRDA:167,5,0,0
BRDA:167,5,1,0
BRDA:189,6,0,0
BRDA:189,6,1,0
BRDA:202,7,0,0
BRDA:202,7,1,0
BRDA:208,8,0,0
BRDA:208,8,1,0
BRF:20
BRH:0
end_of_record
TN:
SF:E:\deployment\fe_code_unit2\src\views\advertiser\audit\sohu.vue
FN:32,(anonymous_0)
FN:39,(anonymous_1)
FN:82,(anonymous_2)
FN:126,(anonymous_3)
FN:128,(anonymous_4)
FN:135,(anonymous_5)
FN:148,(anonymous_6)
FN:150,(anonymous_7)
FN:157,(anonymous_8)
FN:163,(anonymous_9)
FN:171,(anonymous_10)
FN:175,(anonymous_11)
FN:184,(anonymous_12)
FN:188,(anonymous_13)
FNF:14
FNH:0
FNDA:0,(anonymous_0)
FNDA:0,(anonymous_1)
FNDA:0,(anonymous_2)
FNDA:0,(anonymous_3)
FNDA:0,(anonymous_4)
FNDA:0,(anonymous_5)
FNDA:0,(anonymous_6)
FNDA:0,(anonymous_7)
FNDA:0,(anonymous_8)
FNDA:0,(anonymous_9)
FNDA:0,(anonymous_10)
FNDA:0,(anonymous_11)
FNDA:0,(anonymous_12)
FNDA:0,(anonymous_13)
DA:32,1
DA:33,0
DA:34,0
DA:36,0
DA:39,1
DA:40,0
DA:41,0
DA:43,0
DA:75,0
DA:81,0
DA:82,0
DA:83,0
DA:84,0
DA:85,0
DA:90,0
DA:91,0
DA:96,0
DA:97,0
DA:102,0
DA:104,0
DA:108,0
DA:112,0
DA:115,0
DA:116,0
DA:126,0
DA:127,0
DA:129,0
DA:130,0
DA:133,0
DA:136,0
DA:148,0
DA:149,0
DA:151,0
DA:152,0
DA:155,0
DA:158,0
DA:163,0
DA:164,0
DA:165,0
DA:166,0
DA:167,0
DA:172,0
DA:173,0
DA:174,0
DA:176,0
DA:177,0
DA:181,0
DA:185,0
DA:186,0
DA:187,0
DA:189,0
DA:190,0
DA:194,0
LF:53
LH:2
BRDA:33,0,0,0
BRDA:33,0,1,0
BRDA:40,1,0,0
BRDA:40,1,1,0
BRDA:84,2,0,0
BRDA:84,2,1,0
BRDA:90,3,0,0
BRDA:90,3,1,0
BRDA:90,4,0,0
BRDA:90,4,1,0
BRDA:96,5,0,0
BRDA:96,5,1,0
BRDA:96,6,0,0
BRDA:96,6,1,0
BRDA:129,7,0,0
BRDA:129,7,1,0
BRDA:151,8,0,0
BRDA:151,8,1,0
BRDA:164,9,0,0
BRDA:164,9,1,0
BRDA:166,10,0,0
BRDA:166,10,1,0
BRF:22
BRH:0
end_of_record
TN:
SF:E:\deployment\fe_code_unit2\src\router\ad.js
FN:295,(anonymous_0)
FN:296,(anonymous_1)
FNF:2
FNH:2
FNDA:1,(anonymous_0)
FNDA:38,(anonymous_1)
DA:47,1
DA:295,1
DA:296,1
DA:297,38
DA:298,12
DA:300,38
DA:301,38
DA:303,1
LF:8
LH:8
BRDA:297,0,0,12
BRDA:297,0,1,26
BRF:2
BRH:2
end_of_record
TN:
SF:E:\deployment\fe_code_unit2\src\views\layout\LayoutProject.vue
FNF:0
FNH:0
LF:0
LH:0
BRF:0
BRH:0
end_of_record
TN:
SF:E:\deployment\fe_code_unit2\src\views\layout\NavProject.vue
FNF:0
FNH:0
LF:0
LH:0
BRF:0
BRH:0
end_of_record
TN:
SF:E:\deployment\fe_code_unit2\src\views\ad\public\sidebar-tree.vue
FNF:0
FNH:0
DA:29,0
DA:38,0
DA:39,0
DA:43,0
DA:45,0
DA:46,0
DA:47,0
DA:50,0
DA:51,0
DA:73,0
DA:74,0
DA:75,0
DA:76,0
DA:77,0
DA:86,0
DA:102,0
DA:103,0
DA:104,0
DA:107,0
DA:108,0
DA:109,0
DA:112,0
DA:116,0
DA:117,0
DA:118,0
DA:119,0
DA:120,0
DA:121,0
DA:122,0
DA:123,0
DA:126,0
DA:127,0
DA:128,0
DA:129,0
DA:130,0
DA:131,0
DA:132,0
DA:133,0
DA:137,0
DA:138,0
DA:139,0
DA:140,0
DA:141,0
DA:142,0
DA:143,0
DA:149,0
LF:46
LH:0
BRDA:50,0,0,0
BRDA:50,0,1,0
BRDA:73,1,0,0
BRDA:73,1,1,0
BRDA:116,2,0,0
BRDA:116,2,1,0
BRDA:126,3,0,0
BRDA:126,3,1,0
BRF:8
BRH:0
end_of_record
TN:
SF:E:\deployment\fe_code_unit2\src\views\ad\project\manage\index.vue
FN:472,(anonymous_0)
FN:549,(anonymous_1)
FN:784,(anonymous_2)
FN:790,(anonymous_3)
FN:808,(anonymous_4)
FN:814,(anonymous_5)
FN:847,(anonymous_6)
FN:853,(anonymous_7)
FN:929,(anonymous_8)
FN:944,(anonymous_9)
FN:956,(anonymous_10)
FN:965,(anonymous_11)
FN:968,(anonymous_12)
FN:982,(anonymous_13)
FN:998,(anonymous_14)
FN:1009,(anonymous_15)
FNF:16
FNH:0
FNDA:0,(anonymous_0)
FNDA:0,(anonymous_1)
FNDA:0,(anonymous_2)
FNDA:0,(anonymous_3)
FNDA:0,(anonymous_4)
FNDA:0,(anonymous_5)
FNDA:0,(anonymous_6)
FNDA:0,(anonymous_7)
FNDA:0,(anonymous_8)
FNDA:0,(anonymous_9)
FNDA:0,(anonymous_10)
FNDA:0,(anonymous_11)
FNDA:0,(anonymous_12)
FNDA:0,(anonymous_13)
FNDA:0,(anonymous_14)
FNDA:0,(anonymous_15)
DA:356,1
DA:357,1
DA:358,1
DA:359,1
DA:374,0
DA:382,0
DA:383,0
DA:384,0
DA:385,0
DA:391,0
DA:392,0
DA:393,0
DA:394,0
DA:400,0
DA:401,0
DA:402,0
DA:403,0
DA:466,0
DA:472,0
DA:475,0
DA:476,0
DA:477,0
DA:481,0
DA:482,0
DA:483,0
DA:485,0
DA:488,0
DA:489,0
DA:490,0
DA:491,0
DA:492,0
DA:493,0
DA:494,0
DA:495,0
DA:501,0
DA:506,0
DA:507,0
DA:509,0
DA:510,0
DA:512,0
DA:513,0
DA:514,0
DA:517,0
DA:519,0
DA:523,0
DA:524,0
DA:526,0
DA:527,0
DA:530,0
DA:531,0
DA:535,0
DA:536,0
DA:538,0
DA:539,0
DA:542,0
DA:543,0
DA:547,0
DA:548,0
DA:549,0
DA:550,0
DA:561,0
DA:562,0
DA:564,0
DA:567,0
DA:572,0
DA:573,0
DA:574,0
DA:575,0
DA:580,0
DA:581,0
DA:583,0
DA:589,0
DA:592,0
DA:593,0
DA:594,0
DA:597,0
DA:600,0
DA:604,0
DA:605,0
DA:606,0
DA:608,0
DA:612,0
DA:614,0
DA:618,0
DA:620,0
DA:624,0
DA:627,0
DA:631,0
DA:632,0
DA:633,0
DA:635,0
DA:639,0
DA:641,0
DA:645,0
DA:647,0
DA:651,0
DA:654,0
DA:657,0
DA:658,0
DA:659,0
DA:660,0
DA:663,0
DA:671,0
DA:672,0
DA:680,0
DA:681,0
DA:682,0
DA:684,0
DA:688,0
DA:689,0
DA:690,0
DA:697,0
DA:701,0
DA:702,0
DA:703,0
DA:708,0
DA:709,0
DA:713,0
DA:714,0
DA:719,0
DA:724,0
DA:729,0
DA:731,0
DA:732,0
DA:734,0
DA:735,0
DA:737,0
DA:738,0
DA:740,0
DA:741,0
DA:747,0
DA:749,0
DA:750,0
DA:755,0
DA:759,0
DA:760,0
DA:765,0
DA:773,0
DA:774,0
DA:779,0
DA:780,0
DA:781,0
DA:783,0
DA:785,0
DA:791,0
DA:797,0
DA:798,0
DA:803,0
DA:804,0
DA:805,0
DA:807,0
DA:809,0
DA:815,0
DA:821,0
DA:822,0
DA:826,0
DA:827,0
DA:832,0
DA:833,0
DA:834,0
DA:839,0
DA:840,0
DA:845,0
DA:846,0
DA:848,0
DA:854,0
DA:859,0
DA:864,0
DA:885,0
DA:889,0
DA:890,0
DA:893,0
DA:894,0
DA:899,0
DA:900,0
DA:902,0
DA:903,0
DA:904,0
DA:905,0
DA:912,0
DA:914,0
DA:916,0
DA:918,0
DA:922,0
DA:923,0
DA:924,0
DA:928,0
DA:929,0
DA:930,0
DA:945,0
DA:946,0
DA:947,0
DA:949,0
DA:950,0
DA:952,0
DA:953,0
DA:957,0
DA:958,0
DA:965,0
DA:966,0
DA:970,0
DA:972,0
DA:973,0
DA:974,0
DA:976,0
DA:979,0
DA:984,0
DA:990,0
DA:1000,0
DA:1001,0
DA:1002,0
DA:1003,0
DA:1004,0
DA:1006,0
DA:1010,0
LF:215
LH:4
BRDA:475,0,0,0
BRDA:475,0,1,0
BRDA:482,1,0,0
BRDA:482,1,1,0
BRDA:488,2,0,0
BRDA:488,2,1,0
BRDA:492,3,0,0
BRDA:492,3,1,0
BRDA:493,4,0,0
BRDA:493,4,1,0
BRDA:506,5,0,0
BRDA:506,5,1,0
BRDA:509,6,0,0
BRDA:509,6,1,0
BRDA:513,7,0,0
BRDA:513,7,1,0
BRDA:523,8,0,0
BRDA:523,8,1,0
BRDA:526,9,0,0
BRDA:526,9,1,0
BRDA:530,10,0,0
BRDA:530,10,1,0
BRDA:535,11,0,0
BRDA:535,11,1,0
BRDA:538,12,0,0
BRDA:538,12,1,0
BRDA:542,13,0,0
BRDA:542,13,1,0
BRDA:561,14,0,0
BRDA:561,14,1,0
BRDA:561,15,0,0
BRDA:561,15,1,0
BRDA:572,16,0,0
BRDA:572,16,1,0
BRDA:580,17,0,0
BRDA:580,17,1,0
BRDA:606,18,0,0
BRDA:606,18,1,0
BRDA:606,18,2,0
BRDA:606,18,3,0
BRDA:633,19,0,0
BRDA:633,19,1,0
BRDA:633,19,2,0
BRDA:633,19,3,0
BRDA:659,20,0,0
BRDA:659,20,1,0
BRDA:702,21,0,0
BRDA:702,21,1,0
BRDA:713,22,0,0
BRDA:713,22,1,0
BRDA:729,23,0,0
BRDA:729,23,1,0
BRDA:729,23,2,0
BRDA:729,23,3,0
BRDA:729,23,4,0
BRDA:747,24,0,0
BRDA:747,24,1,0
BRDA:749,25,0,0
BRDA:749,25,1,0
BRDA:759,26,0,0
BRDA:759,26,1,0
BRDA:773,27,0,0
BRDA:773,27,1,0
BRDA:797,28,0,0
BRDA:797,28,1,0
BRDA:821,29,0,0
BRDA:821,29,1,0
BRDA:826,30,0,0
BRDA:826,30,1,0
BRDA:833,31,0,0
BRDA:833,31,1,0
BRDA:902,32,0,0
BRDA:902,32,1,0
BRDA:904,33,0,0
BRDA:904,33,1,0
BRDA:905,34,0,0
BRDA:905,34,1,0
BRDA:912,35,0,0
BRDA:912,35,1,0
BRDA:941,36,0,0
BRDA:941,36,1,0
BRDA:946,37,0,0
BRDA:946,37,1,0
BRDA:970,38,0,0
BRDA:970,38,1,0
BRDA:1000,39,0,0
BRDA:1000,39,1,0
BRF:87
BRH:0
end_of_record
TN:
SF:E:\deployment\fe_code_unit2\src\views\ad\project\manage\dialog_chart.vue
FN:21,(anonymous_0)
FNF:1
FNH:0
FNDA:0,(anonymous_0)
DA:11,0
DA:21,0
DA:22,0
DA:23,0
DA:24,0
DA:26,0
DA:54,0
DA:55,0
LF:8
LH:0
BRF:0
BRH:0
end_of_record
TN:
SF:E:\deployment\fe_code_unit2\src\views\ad\public\ad-nav.vue
FNF:0
FNH:0
LF:0
LH:0
BRF:0
BRH:0
end_of_record
TN:
SF:E:\deployment\fe_code_unit2\src\views\public\daterange-picker.vue
FN:45,(anonymous_0)
FN:46,(anonymous_1)
FNF:2
FNH:0
FNDA:0,(anonymous_0)
FNDA:0,(anonymous_1)
DA:14,1
DA:18,0
DA:19,0
DA:20,0
DA:25,0
DA:26,0
DA:27,0
DA:32,0
DA:33,0
DA:34,0
DA:39,0
DA:40,0
DA:41,0
DA:45,1
DA:46,0
DA:47,0
DA:58,0
DA:65,0
DA:66,0
DA:67,0
DA:68,0
LF:21
LH:2
BRDA:67,0,0,0
BRDA:67,0,1,0
BRF:2
BRH:0
end_of_record
TN:
SF:E:\deployment\fe_code_unit2\src\views\test\chart.vue
FNF:0
FNH:0
DA:11,0
DA:15,0
DA:56,0
DA:57,0
LF:4
LH:0
BRF:0
BRH:0
end_of_record
TN:
SF:E:\deployment\fe_code_unit2\src\views\ad\project\create\index.vue
FN:77,(anonymous_0)
FN:132,(anonymous_1)
FN:137,(anonymous_2)
FN:156,(anonymous_3)
FN:157,(anonymous_4)
FN:158,(anonymous_5)
FN:164,(anonymous_6)
FN:248,(anonymous_7)
FN:257,(anonymous_8)
FN:263,(anonymous_9)
FN:273,(anonymous_10)
FN:299,(anonymous_11)
FN:304,(anonymous_12)
FN:313,(anonymous_13)
FNF:14
FNH:0
FNDA:0,(anonymous_0)
FNDA:0,(anonymous_1)
FNDA:0,(anonymous_2)
FNDA:0,(anonymous_3)
FNDA:0,(anonymous_4)
FNDA:0,(anonymous_5)
FNDA:0,(anonymous_6)
FNDA:0,(anonymous_7)
FNDA:0,(anonymous_8)
FNDA:0,(anonymous_9)
FNDA:0,(anonymous_10)
FNDA:0,(anonymous_11)
FNDA:0,(anonymous_12)
FNDA:0,(anonymous_13)
DA:72,1
DA:73,1
DA:77,0
DA:78,0
DA:79,0
DA:80,0
DA:81,0
DA:82,0
DA:83,0
DA:84,0
DA:86,0
DA:87,0
DA:88,0
DA:91,0
DA:95,0
DA:138,0
DA:139,0
DA:140,0
DA:142,0
DA:148,0
DA:149,0
DA:150,0
DA:156,0
DA:157,0
DA:158,0
DA:161,0
DA:162,0
DA:163,0
DA:164,0
DA:165,0
DA:168,0
DA:169,0
DA:170,0
DA:171,0
DA:174,0
DA:181,0
DA:182,0
DA:183,0
DA:184,0
DA:185,0
DA:186,0
DA:190,0
DA:193,0
DA:194,0
DA:196,0
DA:199,0
DA:202,0
DA:205,0
DA:206,0
DA:207,0
DA:209,0
DA:214,0
DA:215,0
DA:216,0
DA:217,0
DA:219,0
DA:225,0
DA:226,0
DA:227,0
DA:228,0
DA:229,0
DA:235,0
DA:242,0
DA:243,0
DA:245,0
DA:248,0
DA:249,0
DA:250,0
DA:251,0
DA:253,0
DA:254,0
DA:255,0
DA:258,0
DA:259,0
DA:260,0
DA:261,0
DA:264,0
DA:270,0
DA:274,0
DA:275,0
DA:280,0
DA:285,0
DA:290,0
DA:291,0
DA:292,0
DA:293,0
DA:295,0
DA:299,0
DA:300,0
DA:301,0
DA:302,0
DA:305,0
DA:306,0
DA:307,0
DA:310,0
DA:314,0
DA:321,0
LF:97
LH:2
BRDA:78,0,0,0
BRDA:78,0,1,0
BRDA:82,1,0,0
BRDA:82,1,1,0
BRDA:138,2,0,0
BRDA:138,2,1,0
BRDA:148,3,0,0
BRDA:148,3,1,0
BRDA:162,4,0,0
BRDA:162,4,1,0
BRDA:168,5,0,0
BRDA:168,5,1,0
BRDA:168,6,0,0
BRDA:168,6,1,0
BRDA:190,7,0,0
BRDA:190,7,1,0
BRDA:193,8,0,0
BRDA:193,8,1,0
BRDA:206,9,0,0
BRDA:206,9,1,0
BRDA:206,10,0,0
BRDA:206,10,1,0
BRDA:214,11,0,0
BRDA:214,11,1,0
BRDA:214,12,0,0
BRDA:214,12,1,0
BRDA:215,13,0,0
BRDA:215,13,1,0
BRDA:223,14,0,0
BRDA:223,15,0,0
BRDA:242,16,0,0
BRDA:242,16,1,0
BRDA:242,17,0,0
BRDA:242,17,1,0
BRDA:249,18,0,0
BRDA:249,18,1,0
BRDA:250,19,0,0
BRDA:250,19,1,0
BRDA:259,20,0,0
BRDA:259,20,1,0
BRDA:290,21,0,0
BRDA:290,21,1,0
BRDA:292,22,0,0
BRDA:292,22,1,0
BRDA:300,23,0,0
BRDA:300,23,1,0
BRDA:305,24,0,0
BRDA:305,24,1,0
BRDA:306,25,0,0
BRDA:306,25,1,0
BRDA:306,26,0,0
BRDA:306,26,1,0
BRF:52
BRH:0
end_of_record
TN:
SF:E:\deployment\fe_code_unit2\src\views\ad\project\create\edit.vue
FN:81,(anonymous_0)
FN:95,(anonymous_1)
FN:158,(anonymous_2)
FN:172,(anonymous_3)
FN:173,(anonymous_4)
FN:184,(anonymous_5)
FN:203,(anonymous_6)
FN:212,(anonymous_7)
FN:330,(anonymous_8)
FN:339,(anonymous_9)
FN:348,(anonymous_10)
FN:358,(anonymous_11)
FN:384,(anonymous_12)
FN:389,(anonymous_13)
FN:398,(anonymous_14)
FNF:15
FNH:0
FNDA:0,(anonymous_0)
FNDA:0,(anonymous_1)
FNDA:0,(anonymous_2)
FNDA:0,(anonymous_3)
FNDA:0,(anonymous_4)
FNDA:0,(anonymous_5)
FNDA:0,(anonymous_6)
FNDA:0,(anonymous_7)
FNDA:0,(anonymous_8)
FNDA:0,(anonymous_9)
FNDA:0,(anonymous_10)
FNDA:0,(anonymous_11)
FNDA:0,(anonymous_12)
FNDA:0,(anonymous_13)
FNDA:0,(anonymous_14)
DA:75,1
DA:76,1
DA:77,1
DA:81,0
DA:82,0
DA:83,0
DA:84,0
DA:85,0
DA:86,0
DA:87,0
DA:88,0
DA:90,0
DA:91,0
DA:92,0
DA:95,0
DA:96,0
DA:97,0
DA:98,0
DA:99,0
DA:101,0
DA:104,0
DA:109,0
DA:110,0
DA:111,0
DA:116,0
DA:152,0
DA:153,0
DA:154,0
DA:159,0
DA:160,0
DA:161,0
DA:163,0
DA:172,0
DA:173,0
DA:176,0
DA:177,0
DA:178,0
DA:179,0
DA:181,0
DA:184,0
DA:185,0
DA:188,0
DA:189,0
DA:190,0
DA:191,0
DA:194,0
DA:200,0
DA:201,0
DA:202,0
DA:204,0
DA:205,0
DA:206,0
DA:207,0
DA:209,0
DA:213,0
DA:214,0
DA:219,0
DA:221,0
DA:223,0
DA:224,0
DA:225,0
DA:226,0
DA:227,0
DA:228,0
DA:229,0
DA:230,0
DA:231,0
DA:234,0
DA:235,0
DA:236,0
DA:237,0
DA:238,0
DA:239,0
DA:240,0
DA:243,0
DA:251,0
DA:252,0
DA:253,0
DA:254,0
DA:255,0
DA:256,0
DA:259,0
DA:262,0
DA:263,0
DA:264,0
DA:265,0
DA:266,0
DA:267,0
DA:269,0
DA:271,0
DA:276,0
DA:279,0
DA:280,0
DA:282,0
DA:285,0
DA:288,0
DA:291,0
DA:292,0
DA:293,0
DA:295,0
DA:300,0
DA:301,0
DA:306,0
DA:307,0
DA:308,0
DA:309,0
DA:310,0
DA:316,0
DA:324,0
DA:325,0
DA:327,0
DA:330,0
DA:331,0
DA:332,0
DA:333,0
DA:335,0
DA:336,0
DA:337,0
DA:340,0
DA:341,0
DA:342,0
DA:343,0
DA:345,0
DA:346,0
DA:349,0
DA:355,0
DA:359,0
DA:360,0
DA:365,0
DA:370,0
DA:375,0
DA:376,0
DA:377,0
DA:378,0
DA:380,0
DA:384,0
DA:385,0
DA:386,0
DA:387,0
DA:390,0
DA:391,0
DA:392,0
DA:395,0
DA:399,0
DA:406,0
LF:145
LH:3
BRDA:82,0,0,0
BRDA:82,0,1,0
BRDA:86,1,0,0
BRDA:86,1,1,0
BRDA:96,2,0,0
BRDA:96,2,1,0
BRDA:98,3,0,0
BRDA:98,3,1,0
BRDA:111,4,0,0
BRDA:111,4,1,0
BRDA:152,5,0,0
BRDA:152,5,1,0
BRDA:159,6,0,0
BRDA:159,6,1,0
BRDA:177,7,0,0
BRDA:177,7,1,0
BRDA:178,8,0,0
BRDA:178,8,1,0
BRDA:188,9,0,0
BRDA:188,9,1,0
BRDA:188,10,0,0
BRDA:188,10,1,0
BRDA:205,11,0,0
BRDA:205,11,1,0
BRDA:235,12,0,0
BRDA:235,12,1,0
BRDA:255,13,0,0
BRDA:255,13,1,0
BRDA:259,14,0,0
BRDA:259,14,1,0
BRDA:262,15,0,0
BRDA:262,15,1,0
BRDA:276,16,0,0
BRDA:276,16,1,0
BRDA:279,17,0,0
BRDA:279,17,1,0
BRDA:292,18,0,0
BRDA:292,18,1,0
BRDA:292,19,0,0
BRDA:292,19,1,0
BRDA:300,20,0,0
BRDA:300,20,1,0
BRDA:300,21,0,0
BRDA:300,21,1,0
BRDA:304,22,0,0
BRDA:304,23,0,0
BRDA:324,24,0,0
BRDA:324,24,1,0
BRDA:324,25,0,0
BRDA:324,25,1,0
BRDA:331,26,0,0
BRDA:331,26,1,0
BRDA:332,27,0,0
BRDA:332,27,1,0
BRDA:341,28,0,0
BRDA:341,28,1,0
BRDA:375,29,0,0
BRDA:375,29,1,0
BRDA:377,30,0,0
BRDA:377,30,1,0
BRDA:385,31,0,0
BRDA:385,31,1,0
BRDA:390,32,0,0
BRDA:390,32,1,0
BRDA:391,33,0,0
BRDA:391,33,1,0
BRDA:391,34,0,0
BRDA:391,34,1,0
BRF:68
BRH:0
end_of_record
TN:
SF:E:\deployment\fe_code_unit2\src\views\ad\project\overview\index.vue
FN:319,(anonymous_0)
FN:325,(anonymous_1)
FN:343,(anonymous_2)
FN:349,(anonymous_3)
FN:382,(anonymous_4)
FN:388,(anonymous_5)
FN:449,(anonymous_6)
FN:462,(anonymous_7)
FN:474,(anonymous_8)
FN:483,(anonymous_9)
FN:486,(anonymous_10)
FN:500,(anonymous_11)
FN:516,(anonymous_12)
FN:527,(anonymous_13)
FNF:14
FNH:0
FNDA:0,(anonymous_0)
FNDA:0,(anonymous_1)
FNDA:0,(anonymous_2)
FNDA:0,(anonymous_3)
FNDA:0,(anonymous_4)
FNDA:0,(anonymous_5)
FNDA:0,(anonymous_6)
FNDA:0,(anonymous_7)
FNDA:0,(anonymous_8)
FNDA:0,(anonymous_9)
FNDA:0,(anonymous_10)
FNDA:0,(anonymous_11)
FNDA:0,(anonymous_12)
FNDA:0,(anonymous_13)
DA:42,1
DA:43,1
DA:44,1
DA:55,0
DA:61,0
DA:62,0
DA:63,0
DA:64,0
DA:70,0
DA:71,0
DA:72,0
DA:73,0
DA:79,0
DA:80,0
DA:81,0
DA:82,0
DA:112,0
DA:123,0
DA:126,0
DA:127,0
DA:128,0
DA:131,0
DA:134,0
DA:138,0
DA:139,0
DA:140,0
DA:142,0
DA:146,0
DA:148,0
DA:152,0
DA:154,0
DA:158,0
DA:161,0
DA:165,0
DA:166,0
DA:167,0
DA:169,0
DA:173,0
DA:175,0
DA:179,0
DA:181,0
DA:185,0
DA:188,0
DA:191,0
DA:192,0
DA:193,0
DA:194,0
DA:197,0
DA:205,0
DA:206,0
DA:214,0
DA:215,0
DA:216,0
DA:218,0
DA:222,0
DA:223,0
DA:224,0
DA:231,0
DA:235,0
DA:236,0
DA:237,0
DA:242,0
DA:243,0
DA:247,0
DA:248,0
DA:253,0
DA:258,0
DA:263,0
DA:265,0
DA:266,0
DA:268,0
DA:269,0
DA:271,0
DA:272,0
DA:274,0
DA:275,0
DA:281,0
DA:283,0
DA:284,0
DA:290,0
DA:294,0
DA:295,0
DA:300,0
DA:308,0
DA:309,0
DA:314,0
DA:315,0
DA:316,0
DA:318,0
DA:320,0
DA:326,0
DA:332,0
DA:333,0
DA:338,0
DA:339,0
DA:340,0
DA:342,0
DA:344,0
DA:350,0
DA:356,0
DA:357,0
DA:361,0
DA:362,0
DA:367,0
DA:368,0
DA:369,0
DA:374,0
DA:375,0
DA:380,0
DA:381,0
DA:383,0
DA:389,0
DA:394,0
DA:395,0
DA:415,0
DA:416,0
DA:419,0
DA:420,0
DA:425,0
DA:426,0
DA:428,0
DA:429,0
DA:430,0
DA:431,0
DA:438,0
DA:440,0
DA:442,0
DA:444,0
DA:448,0
DA:449,0
DA:450,0
DA:463,0
DA:464,0
DA:465,0
DA:467,0
DA:468,0
DA:470,0
DA:471,0
DA:475,0
DA:476,0
DA:483,0
DA:484,0
DA:488,0
DA:490,0
DA:491,0
DA:492,0
DA:494,0
DA:497,0
DA:502,0
DA:508,0
DA:518,0
DA:519,0
DA:520,0
DA:521,0
DA:522,0
DA:524,0
DA:528,0
LF:157
LH:3
BRDA:140,0,0,0
BRDA:140,0,1,0
BRDA:140,0,2,0
BRDA:140,0,3,0
BRDA:167,1,0,0
BRDA:167,1,1,0
BRDA:167,1,2,0
BRDA:167,1,3,0
BRDA:193,2,0,0
BRDA:193,2,1,0
BRDA:236,3,0,0
BRDA:236,3,1,0
BRDA:247,4,0,0
BRDA:247,4,1,0
BRDA:263,5,0,0
BRDA:263,5,1,0
BRDA:263,5,2,0
BRDA:263,5,3,0
BRDA:263,5,4,0
BRDA:281,6,0,0
BRDA:281,6,1,0
BRDA:283,7,0,0
BRDA:283,7,1,0
BRDA:294,8,0,0
BRDA:294,8,1,0
BRDA:308,9,0,0
BRDA:308,9,1,0
BRDA:332,10,0,0
BRDA:332,10,1,0
BRDA:356,11,0,0
BRDA:356,11,1,0
BRDA:361,12,0,0
BRDA:361,12,1,0
BRDA:368,13,0,0
BRDA:368,13,1,0
BRDA:428,14,0,0
BRDA:428,14,1,0
BRDA:430,15,0,0
BRDA:430,15,1,0
BRDA:431,16,0,0
BRDA:431,16,1,0
BRDA:438,17,0,0
BRDA:438,17,1,0
BRDA:459,18,0,0
BRDA:459,18,1,0
BRDA:464,19,0,0
BRDA:464,19,1,0
BRDA:488,20,0,0
BRDA:488,20,1,0
BRDA:518,21,0,0
BRDA:518,21,1,0
BRF:51
BRH:0
end_of_record
TN:
SF:E:\deployment\fe_code_unit2\src\views\ad\project\overview\dialog_chart.vue
FN:21,(anonymous_0)
FNF:1
FNH:0
FNDA:0,(anonymous_0)
DA:11,0
DA:21,0
DA:22,0
DA:23,0
DA:24,0
DA:26,0
DA:54,0
DA:55,0
LF:8
LH:0
BRF:0
BRH:0
end_of_record
TN:
SF:E:\deployment\fe_code_unit2\src\views\ad\activity\manage\index.vue
FN:515,(anonymous_0)
FN:604,(anonymous_1)
FN:612,(anonymous_2)
FN:622,(anonymous_3)
FN:631,(anonymous_4)
FN:638,(anonymous_5)
FN:649,(anonymous_6)
FN:657,(anonymous_7)
FN:679,(anonymous_8)
FN:681,(anonymous_9)
FN:692,(anonymous_10)
FN:700,(anonymous_11)
FN:703,(anonymous_12)
FN:726,(anonymous_13)
FN:913,(anonymous_14)
FN:919,(anonymous_15)
FN:936,(anonymous_16)
FN:942,(anonymous_17)
FN:991,(anonymous_18)
FN:1008,(anonymous_19)
FN:1016,(anonymous_20)
FN:1022,(anonymous_21)
FN:1101,(anonymous_22)
FN:1114,(anonymous_23)
FN:1129,(anonymous_24)
FN:1138,(anonymous_25)
FN:1141,(anonymous_26)
FN:1155,(anonymous_27)
FN:1171,(anonymous_28)
FN:1181,(anonymous_29)
FNF:30
FNH:0
FNDA:0,(anonymous_0)
FNDA:0,(anonymous_1)
FNDA:0,(anonymous_2)
FNDA:0,(anonymous_3)
FNDA:0,(anonymous_4)
FNDA:0,(anonymous_5)
FNDA:0,(anonymous_6)
FNDA:0,(anonymous_7)
FNDA:0,(anonymous_8)
FNDA:0,(anonymous_9)
FNDA:0,(anonymous_10)
FNDA:0,(anonymous_11)
FNDA:0,(anonymous_12)
FNDA:0,(anonymous_13)
FNDA:0,(anonymous_14)
FNDA:0,(anonymous_15)
FNDA:0,(anonymous_16)
FNDA:0,(anonymous_17)
FNDA:0,(anonymous_18)
FNDA:0,(anonymous_19)
FNDA:0,(anonymous_20)
FNDA:0,(anonymous_21)
FNDA:0,(anonymous_22)
FNDA:0,(anonymous_23)
FNDA:0,(anonymous_24)
FNDA:0,(anonymous_25)
FNDA:0,(anonymous_26)
FNDA:0,(anonymous_27)
FNDA:0,(anonymous_28)
FNDA:0,(anonymous_29)
DA:392,1
DA:393,1
DA:394,1
DA:395,1
DA:402,0
DA:413,0
DA:414,0
DA:415,0
DA:416,0
DA:422,0
DA:423,0
DA:424,0
DA:425,0
DA:431,0
DA:432,0
DA:433,0
DA:434,0
DA:513,0
DA:516,0
DA:522,0
DA:527,0
DA:528,0
DA:529,0
DA:533,0
DA:534,0
DA:535,0
DA:537,0
DA:541,0
DA:542,0
DA:544,0
DA:545,0
DA:547,0
DA:548,0
DA:549,0
DA:552,0
DA:554,0
DA:558,0
DA:559,0
DA:561,0
DA:562,0
DA:565,0
DA:566,0
DA:570,0
DA:571,0
DA:573,0
DA:574,0
DA:577,0
DA:578,0
DA:583,0
DA:595,0
DA:596,0
DA:599,0
DA:602,0
DA:603,0
DA:604,0
DA:605,0
DA:609,0
DA:612,0
DA:613,0
DA:614,0
DA:615,0
DA:623,0
DA:625,0
DA:626,0
DA:628,0
DA:632,0
DA:638,0
DA:639,0
DA:640,0
DA:641,0
DA:650,0
DA:651,0
DA:652,0
DA:654,0
DA:658,0
DA:665,0
DA:666,0
DA:667,0
DA:668,0
DA:671,0
DA:675,0
DA:676,0
DA:678,0
DA:679,0
DA:680,0
DA:683,0
DA:684,0
DA:685,0
DA:687,0
DA:693,0
DA:694,0
DA:699,0
DA:700,0
DA:701,0
DA:704,0
DA:705,0
DA:706,0
DA:707,0
DA:708,0
DA:709,0
DA:710,0
DA:712,0
DA:713,0
DA:714,0
DA:716,0
DA:717,0
DA:721,0
DA:722,0
DA:723,0
DA:727,0
DA:728,0
DA:729,0
DA:735,0
DA:738,0
DA:739,0
DA:740,0
DA:743,0
DA:746,0
DA:750,0
DA:751,0
DA:752,0
DA:754,0
DA:758,0
DA:760,0
DA:764,0
DA:766,0
DA:770,0
DA:773,0
DA:777,0
DA:778,0
DA:779,0
DA:781,0
DA:785,0
DA:787,0
DA:791,0
DA:793,0
DA:797,0
DA:800,0
DA:803,0
DA:804,0
DA:805,0
DA:806,0
DA:809,0
DA:817,0
DA:818,0
DA:826,0
DA:827,0
DA:828,0
DA:830,0
DA:834,0
DA:838,0
DA:839,0
DA:840,0
DA:845,0
DA:846,0
DA:850,0
DA:851,0
DA:857,0
DA:862,0
DA:867,0
DA:869,0
DA:870,0
DA:872,0
DA:873,0
DA:875,0
DA:876,0
DA:878,0
DA:879,0
DA:885,0
DA:886,0
DA:887,0
DA:890,0
DA:891,0
DA:893,0
DA:897,0
DA:903,0
DA:904,0
DA:908,0
DA:909,0
DA:910,0
DA:912,0
DA:914,0
DA:920,0
DA:926,0
DA:927,0
DA:931,0
DA:932,0
DA:933,0
DA:935,0
DA:937,0
DA:943,0
DA:949,0
DA:950,0
DA:953,0
DA:954,0
DA:958,0
DA:959,0
DA:960,0
DA:964,0
DA:966,0
DA:988,0
DA:989,0
DA:992,0
DA:994,0
DA:995,0
DA:996,0
DA:1004,0
DA:1005,0
DA:1009,0
DA:1010,0
DA:1014,0
DA:1015,0
DA:1017,0
DA:1023,0
DA:1028,0
DA:1033,0
DA:1051,0
DA:1061,0
DA:1062,0
DA:1065,0
DA:1066,0
DA:1071,0
DA:1072,0
DA:1074,0
DA:1075,0
DA:1076,0
DA:1077,0
DA:1084,0
DA:1086,0
DA:1088,0
DA:1090,0
DA:1094,0
DA:1095,0
DA:1096,0
DA:1100,0
DA:1101,0
DA:1102,0
DA:1115,0
DA:1116,0
DA:1118,0
DA:1119,0
DA:1120,0
DA:1122,0
DA:1123,0
DA:1125,0
DA:1126,0
DA:1130,0
DA:1131,0
DA:1138,0
DA:1139,0
DA:1143,0
DA:1145,0
DA:1146,0
DA:1147,0
DA:1149,0
DA:1152,0
DA:1157,0
DA:1163,0
DA:1172,0
DA:1173,0
DA:1174,0
DA:1175,0
DA:1176,0
DA:1178,0
DA:1182,0
LF:265
LH:4
BRDA:527,0,0,0
BRDA:527,0,1,0
BRDA:534,1,0,0
BRDA:534,1,1,0
BRDA:541,2,0,0
BRDA:541,2,1,0
BRDA:544,3,0,0
BRDA:544,3,1,0
BRDA:548,4,0,0
BRDA:548,4,1,0
BRDA:558,5,0,0
BRDA:558,5,1,0
BRDA:561,6,0,0
BRDA:561,6,1,0
BRDA:565,7,0,0
BRDA:565,7,1,0
BRDA:570,8,0,0
BRDA:570,8,1,0
BRDA:573,9,0,0
BRDA:573,9,1,0
BRDA:577,10,0,0
BRDA:577,10,1,0
BRDA:623,11,0,0
BRDA:623,11,1,0
BRDA:650,12,0,0
BRDA:650,12,1,0
BRDA:665,13,0,0
BRDA:665,13,1,0
BRDA:675,14,0,0
BRDA:675,14,1,0
BRDA:684,15,0,0
BRDA:684,15,1,0
BRDA:704,16,0,0
BRDA:704,16,1,0
BRDA:704,17,0,0
BRDA:704,17,1,0
BRDA:707,18,0,0
BRDA:707,18,1,0
BRDA:709,19,0,0
BRDA:709,19,1,0
BRDA:712,20,0,0
BRDA:712,20,1,0
BRDA:712,21,0,0
BRDA:712,21,1,0
BRDA:723,22,0,0
BRDA:723,22,1,0
BRDA:752,23,0,0
BRDA:752,23,1,0
BRDA:752,23,2,0
BRDA:752,23,3,0
BRDA:779,24,0,0
BRDA:779,24,1,0
BRDA:779,24,2,0
BRDA:779,24,3,0
BRDA:805,25,0,0
BRDA:805,25,1,0
BRDA:839,26,0,0
BRDA:839,26,1,0
BRDA:850,27,0,0
BRDA:850,27,1,0
BRDA:867,28,0,0
BRDA:867,28,1,0
BRDA:867,28,2,0
BRDA:867,28,3,0
BRDA:867,28,4,0
BRDA:886,29,0,0
BRDA:886,29,1,0
BRDA:890,30,0,0
BRDA:890,30,1,0
BRDA:903,31,0,0
BRDA:903,31,1,0
BRDA:926,32,0,0
BRDA:926,32,1,0
BRDA:949,33,0,0
BRDA:949,33,1,0
BRDA:953,34,0,0
BRDA:953,34,1,0
BRDA:959,35,0,0
BRDA:959,35,1,0
BRDA:992,36,0,0
BRDA:992,36,1,0
BRDA:992,37,0,0
BRDA:992,37,1,0
BRDA:995,38,0,0
BRDA:995,38,1,0
BRDA:1010,39,0,0
BRDA:1010,39,1,0
BRDA:1074,40,0,0
BRDA:1074,40,1,0
BRDA:1076,41,0,0
BRDA:1076,41,1,0
BRDA:1077,42,0,0
BRDA:1077,42,1,0
BRDA:1084,43,0,0
BRDA:1084,43,1,0
BRDA:1116,44,0,0
BRDA:1116,44,1,0
BRDA:1143,45,0,0
BRDA:1143,45,1,0
BRDA:1172,46,0,0
BRDA:1172,46,1,0
BRF:101
BRH:0
end_of_record
TN:
SF:E:\deployment\fe_code_unit2\src\views\ad\public\project-nav.vue
FNF:0
FNH:0
LF:0
LH:0
BRF:0
BRH:0
end_of_record
TN:
SF:E:\deployment\fe_code_unit2\src\views\ad\activity\manage\chart.vue
FN:22,(anonymous_0)
FN:32,(anonymous_1)
FNF:2
FNH:0
FNDA:0,(anonymous_0)
FNDA:0,(anonymous_1)
DA:11,0
DA:12,0
DA:23,0
DA:24,0
DA:32,0
DA:33,0
DA:34,0
DA:35,0
DA:38,0
DA:39,0
DA:41,0
DA:42,0
DA:43,0
DA:45,0
DA:101,0
LF:15
LH:0
BRDA:23,0,0,0
BRDA:23,0,1,0
BRDA:33,1,0,0
BRDA:33,1,1,0
BRF:4
BRH:0
end_of_record
TN:
SF:E:\deployment\fe_code_unit2\src\views\ad\activity\overview\index.vue
FNF:0
FNH:0
DA:40,0
LF:1
LH:0
BRF:0
BRH:0
end_of_record
TN:
SF:E:\deployment\fe_code_unit2\src\views\ad\activity\create\index.vue
FN:119,(anonymous_0)
FN:128,(anonymous_1)
FN:186,(anonymous_2)
FN:206,(anonymous_3)
FN:224,(anonymous_4)
FN:238,(anonymous_5)
FN:325,(anonymous_6)
FN:328,(anonymous_7)
FN:337,(anonymous_8)
FN:341,(anonymous_9)
FN:375,(anonymous_10)
FN:385,(anonymous_11)
FN:393,(anonymous_12)
FN:404,(anonymous_13)
FN:419,(anonymous_14)
FN:425,(anonymous_15)
FN:434,(anonymous_16)
FNF:17
FNH:0
FNDA:0,(anonymous_0)
FNDA:0,(anonymous_1)
FNDA:0,(anonymous_2)
FNDA:0,(anonymous_3)
FNDA:0,(anonymous_4)
FNDA:0,(anonymous_5)
FNDA:0,(anonymous_6)
FNDA:0,(anonymous_7)
FNDA:0,(anonymous_8)
FNDA:0,(anonymous_9)
FNDA:0,(anonymous_10)
FNDA:0,(anonymous_11)
FNDA:0,(anonymous_12)
FNDA:0,(anonymous_13)
FNDA:0,(anonymous_14)
FNDA:0,(anonymous_15)
FNDA:0,(anonymous_16)
DA:114,1
DA:115,1
DA:119,0
DA:120,0
DA:121,0
DA:122,0
DA:123,0
DA:125,0
DA:128,0
DA:129,0
DA:130,0
DA:131,0
DA:133,0
DA:134,0
DA:135,0
DA:136,0
DA:137,0
DA:139,0
DA:143,0
DA:147,0
DA:187,0
DA:188,0
DA:189,0
DA:191,0
DA:197,0
DA:198,0
DA:199,0
DA:206,0
DA:212,0
DA:213,0
DA:214,0
DA:215,0
DA:217,0
DA:220,0
DA:224,0
DA:225,0
DA:233,0
DA:234,0
DA:238,0
DA:239,0
DA:240,0
DA:241,0
DA:243,0
DA:248,0
DA:252,0
DA:253,0
DA:254,0
DA:255,0
DA:256,0
DA:257,0
DA:258,0
DA:259,0
DA:260,0
DA:261,0
DA:262,0
DA:263,0
DA:264,0
DA:265,0
DA:267,0
DA:269,0
DA:273,0
DA:274,0
DA:275,0
DA:276,0
DA:277,0
DA:278,0
DA:279,0
DA:280,0
DA:281,0
DA:282,0
DA:285,0
DA:290,0
DA:291,0
DA:292,0
DA:293,0
DA:295,0
DA:300,0
DA:303,0
DA:304,0
DA:305,0
DA:306,0
DA:307,0
DA:308,0
DA:309,0
DA:312,0
DA:316,0
DA:321,0
DA:322,0
DA:324,0
DA:325,0
DA:326,0
DA:327,0
DA:328,0
DA:329,0
DA:337,0
DA:338,0
DA:339,0
DA:340,0
DA:341,0
DA:342,0
DA:350,0
DA:351,0
DA:352,0
DA:353,0
DA:354,0
DA:355,0
DA:356,0
DA:358,0
DA:368,0
DA:369,0
DA:371,0
DA:375,0
DA:376,0
DA:377,0
DA:378,0
DA:380,0
DA:381,0
DA:383,0
DA:386,0
DA:387,0
DA:388,0
DA:389,0
DA:390,0
DA:391,0
DA:394,0
DA:400,0
DA:401,0
DA:405,0
DA:409,0
DA:414,0
DA:419,0
DA:420,0
DA:421,0
DA:422,0
DA:423,0
DA:426,0
DA:427,0
DA:428,0
DA:431,0
DA:435,0
LF:140
LH:2
BRDA:120,0,0,0
BRDA:120,0,1,0
BRDA:122,1,0,0
BRDA:122,1,1,0
BRDA:129,2,0,0
BRDA:129,2,1,0
BRDA:136,3,0,0
BRDA:136,3,1,0
BRDA:187,4,0,0
BRDA:187,4,1,0
BRDA:197,5,0,0
BRDA:197,5,1,0
BRDA:213,6,0,0
BRDA:213,6,1,0
BRDA:215,7,0,0
BRDA:215,7,1,0
BRDA:220,8,0,0
BRDA:220,8,1,0
BRDA:240,9,0,0
BRDA:240,9,1,0
BRDA:248,10,0,0
BRDA:248,10,1,0
BRDA:258,11,0,0
BRDA:258,11,1,0
BRDA:260,12,0,0
BRDA:260,12,1,0
BRDA:262,13,0,0
BRDA:262,13,1,0
BRDA:264,14,0,0
BRDA:264,14,1,0
BRDA:274,15,0,0
BRDA:274,15,1,0
BRDA:276,16,0,0
BRDA:276,16,1,0
BRDA:292,17,0,0
BRDA:292,17,1,0
BRDA:304,18,0,0
BRDA:304,18,1,0
BRDA:304,19,0,0
BRDA:304,19,1,0
BRDA:308,20,0,0
BRDA:308,20,1,0
BRDA:324,21,0,0
BRDA:324,21,1,0
BRDA:324,22,0,0
BRDA:324,22,1,0
BRDA:326,23,0,0
BRDA:326,23,1,0
BRDA:338,24,0,0
BRDA:338,24,1,0
BRDA:338,25,0,0
BRDA:338,25,1,0
BRDA:339,26,0,0
BRDA:339,26,1,0
BRDA:365,27,0,0
BRDA:365,27,1,0
BRDA:368,28,0,0
BRDA:368,28,1,0
BRDA:376,29,0,0
BRDA:376,29,1,0
BRDA:377,30,0,0
BRDA:377,30,1,0
BRDA:386,31,0,0
BRDA:386,31,1,0
BRDA:420,32,0,0
BRDA:420,32,1,0
BRDA:426,33,0,0
BRDA:426,33,1,0
BRDA:427,34,0,0
BRDA:427,34,1,0
BRDA:427,35,0,0
BRDA:427,35,1,0
BRF:72
BRH:0
end_of_record
TN:
SF:E:\deployment\fe_code_unit2\src\views\ad\activity\create\table.vue
FN:119,(anonymous_0)
FN:260,(anonymous_1)
FN:376,(anonymous_2)
FNF:3
FNH:0
FNDA:0,(anonymous_0)
FNDA:0,(anonymous_1)
FNDA:0,(anonymous_2)
DA:68,1
DA:73,1
DA:103,0
DA:109,0
DA:110,0
DA:114,0
DA:115,0
DA:120,0
DA:127,0
DA:128,0
DA:129,0
DA:131,0
DA:134,0
DA:135,0
DA:136,0
DA:138,0
DA:139,0
DA:142,0
DA:143,0
DA:146,0
DA:147,0
DA:150,0
DA:151,0
DA:154,0
DA:159,0
DA:160,0
DA:161,0
DA:162,0
DA:163,0
DA:164,0
DA:165,0
DA:166,0
DA:167,0
DA:170,0
DA:174,0
DA:176,0
DA:181,0
DA:184,0
DA:185,0
DA:186,0
DA:187,0
DA:192,0
DA:193,0
DA:196,0
DA:199,0
DA:203,0
DA:204,0
DA:205,0
DA:206,0
DA:207,0
DA:208,0
DA:212,0
DA:218,0
DA:219,0
DA:220,0
DA:221,0
DA:222,0
DA:223,0
DA:224,0
DA:225,0
DA:231,0
DA:236,0
DA:237,0
DA:238,0
DA:239,0
DA:240,0
DA:241,0
DA:249,0
DA:250,0
DA:251,0
DA:252,0
DA:254,0
DA:255,0
DA:258,0
DA:260,0
DA:261,0
DA:262,0
DA:263,0
DA:265,0
DA:277,0
DA:278,0
DA:280,0
DA:281,0
DA:283,0
DA:286,0
DA:287,0
DA:288,0
DA:291,0
DA:293,0
DA:295,0
DA:296,0
DA:298,0
DA:303,0
DA:307,0
DA:308,0
DA:310,0
DA:312,0
DA:319,0
DA:321,0
DA:323,0
DA:328,0
DA:329,0
DA:333,0
DA:334,0
DA:335,0
DA:337,0
DA:342,0
DA:346,0
DA:347,0
DA:348,0
DA:350,0
DA:353,0
DA:356,0
DA:357,0
DA:358,0
DA:359,0
DA:360,0
DA:361,0
DA:363,0
DA:364,0
DA:365,0
DA:368,0
DA:373,0
DA:374,0
DA:376,0
DA:377,0
DA:378,0
DA:380,0
DA:381,0
DA:382,0
DA:383,0
DA:384,0
DA:385,0
DA:386,0
DA:390,0
DA:391,0
DA:392,0
DA:393,0
DA:394,0
DA:395,0
DA:397,0
LF:141
LH:2
BRDA:109,0,0,0
BRDA:109,0,1,0
BRDA:114,1,0,0
BRDA:114,1,1,0
BRDA:128,2,0,0
BRDA:128,2,1,0
BRDA:128,3,0,0
BRDA:128,3,1,0
BRDA:139,4,0,0
BRDA:139,4,1,0
BRDA:150,5,0,0
BRDA:150,5,1,0
BRDA:165,6,0,0
BRDA:165,6,1,0
BRDA:167,7,0,0
BRDA:167,7,1,0
BRDA:187,8,0,0
BRDA:187,8,1,0
BRDA:193,9,0,0
BRDA:193,9,1,0
BRDA:203,10,0,0
BRDA:203,10,1,0
BRDA:207,11,0,0
BRDA:207,11,1,0
BRDA:218,12,0,0
BRDA:218,12,1,0
BRDA:222,13,0,0
BRDA:222,13,1,0
BRDA:224,14,0,0
BRDA:224,14,1,0
BRDA:239,15,0,0
BRDA:239,15,1,0
BRDA:254,16,0,0
BRDA:254,16,1,0
BRDA:272,17,0,0
BRDA:272,18,0,0
BRDA:287,19,0,0
BRDA:287,19,1,0
BRDA:295,20,0,0
BRDA:295,20,1,0
BRDA:308,21,0,0
BRDA:308,21,1,0
BRDA:319,22,0,0
BRDA:319,22,1,0
BRDA:328,23,0,0
BRDA:328,23,1,0
BRDA:334,24,0,0
BRDA:334,24,1,0
BRDA:334,25,0,0
BRDA:334,25,1,0
BRDA:363,26,0,0
BRDA:363,26,1,0
BRDA:363,27,0,0
BRDA:363,27,1,0
BRDA:373,28,0,0
BRDA:373,28,1,0
BRDA:382,29,0,0
BRDA:382,29,1,0
BRDA:385,30,0,0
BRDA:385,30,1,0
BRDA:385,31,0,0
BRDA:385,31,1,0
BRF:62
BRH:0
end_of_record
TN:
SF:E:\deployment\fe_code_unit2\src\views\ad\activity\create\table-percent.vue
FN:70,(anonymous_0)
FN:74,(anonymous_1)
FN:93,(anonymous_2)
FNF:3
FNH:0
FNDA:0,(anonymous_0)
FNDA:0,(anonymous_1)
FNDA:0,(anonymous_2)
DA:16,1
DA:46,0
DA:52,0
DA:53,0
DA:60,0
DA:61,0
DA:63,0
DA:65,0
DA:71,0
DA:75,0
DA:76,0
DA:77,0
DA:78,0
DA:82,0
DA:88,0
DA:90,0
DA:92,0
DA:93,0
DA:94,0
DA:101,0
DA:102,0
DA:103,0
DA:104,0
DA:105,0
DA:106,0
DA:108,0
DA:109,0
DA:110,0
DA:111,0
DA:116,0
DA:117,0
DA:118,0
LF:32
LH:1
BRDA:60,0,0,0
BRDA:60,0,1,0
BRDA:61,1,0,0
BRDA:61,1,1,0
BRDA:88,2,0,0
BRDA:88,2,1,0
BRDA:103,3,0,0
BRDA:103,3,1,0
BRDA:105,4,0,0
BRDA:105,4,1,0
BRF:10
BRH:0
end_of_record
TN:
SF:E:\deployment\fe_code_unit2\src\views\ad\activity\create\table-budget.vue
FN:89,(anonymous_0)
FNF:1
FNH:0
FNDA:0,(anonymous_0)
DA:16,1
DA:46,0
DA:52,0
DA:56,0
DA:59,0
DA:65,0
DA:66,0
DA:68,0
DA:70,0
DA:74,0
DA:79,0
DA:80,0
DA:84,0
DA:86,0
DA:88,0
DA:89,0
DA:90,0
DA:96,0
DA:97,0
DA:98,0
DA:99,0
DA:100,0
DA:101,0
DA:103,0
DA:108,0
DA:109,0
DA:110,0
LF:27
LH:1
BRDA:65,0,0,0
BRDA:65,0,1,0
BRDA:66,1,0,0
BRDA:66,1,1,0
BRDA:78,2,0,0
BRDA:84,3,0,0
BRDA:84,3,1,0
BRDA:98,4,0,0
BRDA:98,4,1,0
BRF:9
BRH:0
end_of_record
TN:
SF:E:\deployment\fe_code_unit2\src\views\ad\activity\create\common.vue
FN:34,(anonymous_0)
FN:35,(anonymous_1)
FN:37,(anonymous_2)
FN:38,(anonymous_3)
FN:39,(anonymous_4)
FN:46,(anonymous_5)
FN:64,(anonymous_6)
FN:86,(anonymous_7)
FN:89,(anonymous_8)
FN:106,(anonymous_9)
FNF:10
FNH:0
FNDA:0,(anonymous_0)
FNDA:0,(anonymous_1)
FNDA:0,(anonymous_2)
FNDA:0,(anonymous_3)
FNDA:0,(anonymous_4)
FNDA:0,(anonymous_5)
FNDA:0,(anonymous_6)
FNDA:0,(anonymous_7)
FNDA:0,(anonymous_8)
FNDA:0,(anonymous_9)
DA:6,1
DA:10,1
DA:11,1
DA:16,0
DA:34,0
DA:35,0
DA:37,0
DA:38,0
DA:39,0
DA:45,0
DA:46,0
DA:47,0
DA:50,0
DA:51,0
DA:55,0
DA:63,0
DA:64,0
DA:65,0
DA:66,0
DA:67,0
DA:70,0
DA:71,0
DA:72,0
DA:73,0
DA:74,0
DA:75,0
DA:76,0
DA:79,0
DA:80,0
DA:86,0
DA:87,0
DA:91,0
DA:92,0
DA:93,0
DA:94,0
DA:95,0
DA:96,0
DA:97,0
DA:98,0
DA:99,0
DA:100,0
DA:102,0
DA:103,0
DA:107,0
DA:108,0
DA:114,0
DA:123,0
DA:124,0
DA:125,0
DA:128,0
DA:132,0
DA:133,0
LF:52
LH:3
BRDA:50,0,0,0
BRDA:50,0,1,0
BRDA:50,1,0,0
BRDA:50,1,1,0
BRDA:66,2,0,0
BRDA:66,2,1,0
BRDA:70,3,0,0
BRDA:70,3,1,0
BRDA:70,4,0,0
BRDA:70,4,1,0
BRDA:70,4,2,0
BRDA:73,5,0,0
BRDA:73,5,1,0
BRDA:75,6,0,0
BRDA:75,6,1,0
BRDA:75,7,0,0
BRDA:75,7,1,0
BRDA:75,7,2,0
BRDA:75,7,3,0
BRDA:91,8,0,0
BRDA:91,8,1,0
BRDA:91,9,0,0
BRDA:91,9,1,0
BRDA:94,10,0,0
BRDA:94,10,1,0
BRDA:97,11,0,0
BRDA:97,11,1,0
BRDA:98,12,0,0
BRDA:98,12,1,0
BRDA:103,13,0,0
BRDA:103,13,1,0
BRF:31
BRH:0
end_of_record
TN:
SF:E:\deployment\fe_code_unit2\src\views\ad\activity\create\edit.vue
FN:122,(anonymous_0)
FN:168,(anonymous_1)
FN:187,(anonymous_2)
FN:188,(anonymous_3)
FN:189,(anonymous_4)
FN:191,(anonymous_5)
FN:214,(anonymous_6)
FN:231,(anonymous_7)
FN:250,(anonymous_8)
FN:254,(anonymous_9)
FN:257,(anonymous_10)
FN:266,(anonymous_11)
FN:276,(anonymous_12)
FN:279,(anonymous_13)
FN:287,(anonymous_14)
FN:417,(anonymous_15)
FN:426,(anonymous_16)
FN:434,(anonymous_17)
FN:444,(anonymous_18)
FN:480,(anonymous_19)
FN:486,(anonymous_20)
FN:495,(anonymous_21)
FNF:22
FNH:0
FNDA:0,(anonymous_0)
FNDA:0,(anonymous_1)
FNDA:0,(anonymous_2)
FNDA:0,(anonymous_3)
FNDA:0,(anonymous_4)
FNDA:0,(anonymous_5)
FNDA:0,(anonymous_6)
FNDA:0,(anonymous_7)
FNDA:0,(anonymous_8)
FNDA:0,(anonymous_9)
FNDA:0,(anonymous_10)
FNDA:0,(anonymous_11)
FNDA:0,(anonymous_12)
FNDA:0,(anonymous_13)
FNDA:0,(anonymous_14)
FNDA:0,(anonymous_15)
FNDA:0,(anonymous_16)
FNDA:0,(anonymous_17)
FNDA:0,(anonymous_18)
FNDA:0,(anonymous_19)
FNDA:0,(anonymous_20)
FNDA:0,(anonymous_21)
DA:112,1
DA:116,1
DA:117,1
DA:122,0
DA:123,0
DA:124,0
DA:125,0
DA:126,0
DA:128,0
DA:131,0
DA:139,0
DA:169,0
DA:171,0
DA:179,0
DA:180,0
DA:181,0
DA:187,0
DA:188,0
DA:189,0
DA:191,0
DA:196,0
DA:197,0
DA:198,0
DA:199,0
DA:201,0
DA:204,0
DA:205,0
DA:206,0
DA:208,0
DA:212,0
DA:213,0
DA:215,0
DA:222,0
DA:223,0
DA:224,0
DA:225,0
DA:227,0
DA:231,0
DA:232,0
DA:233,0
DA:234,0
DA:235,0
DA:236,0
DA:238,0
DA:242,0
DA:243,0
DA:244,0
DA:245,0
DA:246,0
DA:247,0
DA:248,0
DA:250,0
DA:251,0
DA:254,0
DA:255,0
DA:258,0
DA:259,0
DA:262,0
DA:263,0
DA:267,0
DA:268,0
DA:275,0
DA:276,0
DA:277,0
DA:280,0
DA:281,0
DA:283,0
DA:284,0
DA:288,0
DA:289,0
DA:294,0
DA:295,0
DA:296,0
DA:297,0
DA:298,0
DA:299,0
DA:300,0
DA:301,0
DA:302,0
DA:303,0
DA:304,0
DA:305,0
DA:307,0
DA:309,0
DA:311,0
DA:312,0
DA:318,0
DA:319,0
DA:320,0
DA:321,0
DA:323,0
DA:326,0
DA:329,0
DA:330,0
DA:331,0
DA:332,0
DA:333,0
DA:334,0
DA:335,0
DA:336,0
DA:337,0
DA:338,0
DA:339,0
DA:340,0
DA:341,0
DA:343,0
DA:345,0
DA:348,0
DA:349,0
DA:350,0
DA:351,0
DA:352,0
DA:353,0
DA:355,0
DA:356,0
DA:359,0
DA:360,0
DA:361,0
DA:362,0
DA:366,0
DA:378,0
DA:379,0
DA:380,0
DA:381,0
DA:383,0
DA:386,0
DA:389,0
DA:392,0
DA:393,0
DA:394,0
DA:396,0
DA:405,0
DA:414,0
DA:417,0
DA:418,0
DA:419,0
DA:420,0
DA:422,0
DA:423,0
DA:424,0
DA:427,0
DA:428,0
DA:429,0
DA:430,0
DA:431,0
DA:432,0
DA:435,0
DA:441,0
DA:445,0
DA:449,0
DA:454,0
DA:459,0
DA:460,0
DA:461,0
DA:462,0
DA:464,0
DA:468,0
DA:477,0
DA:480,0
DA:481,0
DA:482,0
DA:483,0
DA:484,0
DA:487,0
DA:488,0
DA:489,0
DA:492,0
DA:496,0
LF:168
LH:3
BRDA:123,0,0,0
BRDA:123,0,1,0
BRDA:125,1,0,0
BRDA:125,1,1,0
BRDA:169,2,0,0
BRDA:169,2,1,0
BRDA:179,3,0,0
BRDA:179,3,1,0
BRDA:197,4,0,0
BRDA:197,4,1,0
BRDA:199,5,0,0
BRDA:199,5,1,0
BRDA:204,6,0,0
BRDA:204,6,1,0
BRDA:204,7,0,0
BRDA:204,7,1,0
BRDA:222,8,0,0
BRDA:222,8,1,0
BRDA:232,9,0,0
BRDA:232,9,1,0
BRDA:235,10,0,0
BRDA:235,10,1,0
BRDA:238,11,0,0
BRDA:238,11,1,0
BRDA:258,12,0,0
BRDA:258,12,1,0
BRDA:263,13,0,0
BRDA:263,13,1,0
BRDA:280,14,0,0
BRDA:280,14,1,0
BRDA:301,15,0,0
BRDA:301,15,1,0
BRDA:320,16,0,0
BRDA:320,16,1,0
BRDA:334,17,0,0
BRDA:334,17,1,0
BRDA:336,18,0,0
BRDA:336,18,1,0
BRDA:338,19,0,0
BRDA:338,19,1,0
BRDA:340,20,0,0
BRDA:340,20,1,0
BRDA:349,21,0,0
BRDA:349,21,1,0
BRDA:351,22,0,0
BRDA:351,22,1,0
BRDA:355,23,0,0
BRDA:355,23,1,0
BRDA:361,24,0,0
BRDA:361,24,1,0
BRDA:380,25,0,0
BRDA:380,25,1,0
BRDA:393,26,0,0
BRDA:393,26,1,0
BRDA:393,27,0,0
BRDA:393,27,1,0
BRDA:418,28,0,0
BRDA:418,28,1,0
BRDA:419,29,0,0
BRDA:419,29,1,0
BRDA:427,30,0,0
BRDA:427,30,1,0
BRDA:459,31,0,0
BRDA:459,31,1,0
BRDA:461,32,0,0
BRDA:461,32,1,0
BRDA:481,33,0,0
BRDA:481,33,1,0
BRDA:487,34,0,0
BRDA:487,34,1,0
BRDA:488,35,0,0
BRDA:488,35,1,0
BRDA:488,36,0,0
BRDA:488,36,1,0
BRF:74
BRH:0
end_of_record
TN:
SF:E:\deployment\fe_code_unit2\src\views\ad\campaign\manage\index.vue
FN:142,(anonymous_0)
FN:157,(anonymous_1)
FN:165,(anonymous_2)
FN:182,(anonymous_3)
FN:188,(anonymous_4)
FN:196,(anonymous_5)
FNF:6
FNH:0
FNDA:0,(anonymous_0)
FNDA:0,(anonymous_1)
FNDA:0,(anonymous_2)
FNDA:0,(anonymous_3)
FNDA:0,(anonymous_4)
FNDA:0,(anonymous_5)
DA:89,1
DA:90,1
DA:95,0
DA:107,0
DA:108,0
DA:109,0
DA:110,0
DA:116,0
DA:117,0
DA:118,0
DA:119,0
DA:125,0
DA:126,0
DA:127,0
DA:128,0
DA:142,0
DA:145,0
DA:150,0
DA:153,0
DA:158,0
DA:162,0
DA:165,0
DA:166,0
DA:167,0
DA:172,0
DA:176,0
DA:177,0
DA:178,0
DA:182,0
DA:183,0
DA:189,0
DA:190,0
DA:191,0
DA:194,0
DA:197,0
DA:203,0
DA:207,0
DA:208,0
DA:212,0
DA:213,0
DA:214,0
LF:41
LH:2
BRDA:189,0,0,0
BRDA:189,0,1,0
BRF:2
BRH:0
end_of_record
TN:
SF:E:\deployment\fe_code_unit2\src\views\ad\public\activity-nav.vue
FNF:0
FNH:0
LF:0
LH:0
BRF:0
BRH:0
end_of_record
TN:
SF:E:\deployment\fe_code_unit2\src\views\ad\campaign\manage\campaign-chart.vue
FN:22,(anonymous_0)
FN:32,(anonymous_1)
FNF:2
FNH:0
FNDA:0,(anonymous_0)
FNDA:0,(anonymous_1)
DA:11,0
DA:12,0
DA:23,0
DA:24,0
DA:32,0
DA:33,0
DA:34,0
DA:35,0
DA:38,0
DA:39,0
DA:41,0
DA:42,0
DA:43,0
DA:45,0
DA:101,0
LF:15
LH:0
BRDA:23,0,0,0
BRDA:23,0,1,0
BRDA:33,1,0,0
BRDA:33,1,1,0
BRF:4
BRH:0
end_of_record
TN:
SF:E:\deployment\fe_code_unit2\src\views\ad\campaign\manage\campaign-list.vue
FN:382,(anonymous_0)
FN:400,(anonymous_1)
FN:417,(anonymous_2)
FN:433,(anonymous_3)
FN:447,(anonymous_4)
FN:456,(anonymous_5)
FN:464,(anonymous_6)
FN:481,(anonymous_7)
FN:511,(anonymous_8)
FN:518,(anonymous_9)
FN:526,(anonymous_10)
FN:536,(anonymous_11)
FN:550,(anonymous_12)
FN:590,(anonymous_13)
FN:594,(anonymous_14)
FN:604,(anonymous_15)
FN:635,(anonymous_16)
FN:637,(anonymous_17)
FN:665,(anonymous_18)
FN:669,(anonymous_19)
FN:797,(anonymous_20)
FN:813,(anonymous_21)
FNF:22
FNH:0
FNDA:0,(anonymous_0)
FNDA:0,(anonymous_1)
FNDA:0,(anonymous_2)
FNDA:0,(anonymous_3)
FNDA:0,(anonymous_4)
FNDA:0,(anonymous_5)
FNDA:0,(anonymous_6)
FNDA:0,(anonymous_7)
FNDA:0,(anonymous_8)
FNDA:0,(anonymous_9)
FNDA:0,(anonymous_10)
FNDA:0,(anonymous_11)
FNDA:0,(anonymous_12)
FNDA:0,(anonymous_13)
FNDA:0,(anonymous_14)
FNDA:0,(anonymous_15)
FNDA:0,(anonymous_16)
FNDA:0,(anonymous_17)
FNDA:0,(anonymous_18)
FNDA:0,(anonymous_19)
FNDA:0,(anonymous_20)
FNDA:0,(anonymous_21)
DA:288,0
DA:370,0
DA:373,0
DA:376,0
DA:378,0
DA:379,0
DA:382,0
DA:383,0
DA:384,0
DA:386,0
DA:387,0
DA:390,0
DA:393,0
DA:396,0
DA:397,0
DA:400,0
DA:401,0
DA:402,0
DA:404,0
DA:405,0
DA:408,0
DA:411,0
DA:413,0
DA:414,0
DA:417,0
DA:418,0
DA:419,0
DA:421,0
DA:422,0
DA:425,0
DA:428,0
DA:430,0
DA:431,0
DA:433,0
DA:434,0
DA:435,0
DA:438,0
DA:441,0
DA:443,0
DA:444,0
DA:447,0
DA:448,0
DA:449,0
DA:451,0
DA:452,0
DA:456,0
DA:457,0
DA:458,0
DA:461,0
DA:464,0
DA:467,0
DA:468,0
DA:469,0
DA:470,0
DA:471,0
DA:475,0
DA:479,0
DA:482,0
DA:485,0
DA:486,0
DA:487,0
DA:504,0
DA:505,0
DA:507,0
DA:510,0
DA:511,0
DA:512,0
DA:517,0
DA:518,0
DA:519,0
DA:527,0
DA:528,0
DA:529,0
DA:530,0
DA:531,0
DA:532,0
DA:533,0
DA:534,0
DA:536,0
DA:537,0
DA:541,0
DA:542,0
DA:544,0
DA:545,0
DA:548,0
DA:551,0
DA:552,0
DA:558,0
DA:559,0
DA:562,0
DA:563,0
DA:567,0
DA:572,0
DA:573,0
DA:574,0
DA:575,0
DA:579,0
DA:580,0
DA:581,0
DA:584,0
DA:585,0
DA:587,0
DA:590,0
DA:591,0
DA:595,0
DA:596,0
DA:597,0
DA:598,0
DA:601,0
DA:602,0
DA:605,0
DA:606,0
DA:612,0
DA:613,0
DA:614,0
DA:615,0
DA:616,0
DA:617,0
DA:618,0
DA:619,0
DA:623,0
DA:625,0
DA:626,0
DA:627,0
DA:630,0
DA:633,0
DA:634,0
DA:636,0
DA:641,0
DA:642,0
DA:643,0
DA:647,0
DA:648,0
DA:649,0
DA:653,0
DA:654,0
DA:655,0
DA:656,0
DA:657,0
DA:661,0
DA:662,0
DA:664,0
DA:666,0
DA:667,0
DA:670,0
DA:681,0
DA:682,0
DA:687,0
DA:688,0
DA:693,0
DA:694,0
DA:699,0
DA:700,0
DA:706,0
DA:714,0
DA:715,0
DA:720,0
DA:721,0
DA:727,0
DA:735,0
DA:736,0
DA:741,0
DA:742,0
DA:747,0
DA:748,0
DA:753,0
DA:754,0
DA:760,0
DA:769,0
DA:770,0
DA:775,0
DA:776,0
DA:781,0
DA:782,0
DA:788,0
DA:795,0
DA:798,0
DA:799,0
DA:800,0
DA:801,0
DA:803,0
DA:804,0
DA:805,0
DA:806,0
DA:809,0
DA:810,0
DA:814,0
DA:815,0
DA:820,0
DA:823,0
DA:826,0
DA:830,0
DA:831,0
DA:836,0
DA:837,0
DA:838,0
LF:196
LH:0
BRDA:378,0,0,0
BRDA:378,0,1,0
BRDA:383,1,0,0
BRDA:383,1,1,0
BRDA:386,2,0,0
BRDA:386,2,1,0
BRDA:386,3,0,0
BRDA:386,3,1,0
BRDA:396,4,0,0
BRDA:396,4,1,0
BRDA:401,5,0,0
BRDA:401,5,1,0
BRDA:404,6,0,0
BRDA:404,6,1,0
BRDA:404,7,0,0
BRDA:404,7,1,0
BRDA:404,7,2,0
BRDA:413,8,0,0
BRDA:413,8,1,0
BRDA:418,9,0,0
BRDA:418,9,1,0
BRDA:421,10,0,0
BRDA:421,10,1,0
BRDA:421,11,0,0
BRDA:421,11,1,0
BRDA:421,11,2,0
BRDA:430,12,0,0
BRDA:430,12,1,0
BRDA:434,13,0,0
BRDA:434,13,1,0
BRDA:443,14,0,0
BRDA:443,14,1,0
BRDA:448,15,0,0
BRDA:448,15,1,0
BRDA:451,16,0,0
BRDA:451,16,1,0
BRDA:451,17,0,0
BRDA:451,17,1,0
BRDA:457,18,0,0
BRDA:457,18,1,0
BRDA:485,19,0,0
BRDA:485,19,1,0
BRDA:504,20,0,0
BRDA:504,20,1,0
BRDA:504,21,0,0
BRDA:504,21,1,0
BRDA:528,22,0,0
BRDA:528,22,1,0
BRDA:530,23,0,0
BRDA:530,23,1,0
BRDA:537,24,0,0
BRDA:537,24,1,0
BRDA:580,25,0,0
BRDA:580,25,1,0
BRDA:584,26,0,0
BRDA:584,26,1,0
BRDA:584,27,0,0
BRDA:584,27,1,0
BRDA:595,28,0,0
BRDA:595,28,1,0
BRDA:612,29,0,0
BRDA:612,29,1,0
BRDA:623,30,0,0
BRDA:623,30,1,0
BRDA:641,31,0,0
BRDA:641,31,1,0
BRDA:647,32,0,0
BRDA:647,32,1,0
BRDA:653,33,0,0
BRDA:653,33,1,0
BRDA:661,34,0,0
BRDA:661,34,1,0
BRDA:681,35,0,0
BRDA:681,35,1,0
BRDA:687,36,0,0
BRDA:687,36,1,0
BRDA:693,37,0,0
BRDA:693,37,1,0
BRDA:699,38,0,0
BRDA:699,38,1,0
BRDA:714,39,0,0
BRDA:714,39,1,0
BRDA:720,40,0,0
BRDA:720,40,1,0
BRDA:735,41,0,0
BRDA:735,41,1,0
BRDA:741,42,0,0
BRDA:741,42,1,0
BRDA:747,43,0,0
BRDA:747,43,1,0
BRDA:753,44,0,0
BRDA:753,44,1,0
BRDA:769,45,0,0
BRDA:769,45,1,0
BRDA:775,46,0,0
BRDA:775,46,1,0
BRDA:781,47,0,0
BRDA:781,47,1,0
BRDA:798,48,0,0
BRDA:798,48,1,0
BRDA:798,49,0,0
BRDA:798,49,1,0
BRDA:800,50,0,0
BRDA:800,50,1,0
BRDA:810,51,0,0
BRDA:810,51,1,0
BRDA:820,52,0,0
BRDA:820,52,1,0
BRDA:823,53,0,0
BRDA:823,53,1,0
BRDA:830,54,0,0
BRDA:830,54,1,0
BRF:112
BRH:0
end_of_record
TN:
SF:E:\deployment\fe_code_unit2\src\views\ad\campaign\manage\dialog-copy.vue
FN:84,(anonymous_0)
FN:94,(anonymous_1)
FN:157,(anonymous_2)
FN:158,(anonymous_3)
FN:159,(anonymous_4)
FN:171,(anonymous_5)
FN:216,(anonymous_6)
FN:229,(anonymous_7)
FN:241,(anonymous_8)
FN:251,(anonymous_9)
FN:263,(anonymous_10)
FN:275,(anonymous_11)
FNF:12
FNH:0
FNDA:0,(anonymous_0)
FNDA:0,(anonymous_1)
FNDA:0,(anonymous_2)
FNDA:0,(anonymous_3)
FNDA:0,(anonymous_4)
FNDA:0,(anonymous_5)
FNDA:0,(anonymous_6)
FNDA:0,(anonymous_7)
FNDA:0,(anonymous_8)
FNDA:0,(anonymous_9)
FNDA:0,(anonymous_10)
FNDA:0,(anonymous_11)
DA:84,1
DA:85,0
DA:86,0
DA:88,0
DA:91,1
DA:92,1
DA:94,1
DA:95,0
DA:96,0
DA:98,0
DA:99,0
DA:101,0
DA:102,0
DA:104,0
DA:105,0
DA:108,0
DA:128,0
DA:157,0
DA:158,0
DA:159,0
DA:162,0
DA:165,0
DA:168,0
DA:169,0
DA:170,0
DA:171,0
DA:172,0
DA:175,0
DA:176,0
DA:177,0
DA:178,0
DA:181,0
DA:189,0
DA:192,0
DA:193,0
DA:194,0
DA:196,0
DA:197,0
DA:198,0
DA:199,0
DA:200,0
DA:201,0
DA:204,0
DA:205,0
DA:206,0
DA:207,0
DA:210,0
DA:211,0
DA:214,0
DA:217,0
DA:218,0
DA:219,0
DA:220,0
DA:227,0
DA:230,0
DA:231,0
DA:234,0
DA:239,0
DA:242,0
DA:243,0
DA:246,0
DA:251,0
DA:252,0
DA:253,0
DA:264,0
DA:265,0
DA:266,0
DA:267,0
DA:270,0
DA:276,0
DA:282,0
DA:287,0
LF:72
LH:4
BRDA:85,0,0,0
BRDA:85,0,1,0
BRDA:98,1,0,0
BRDA:98,1,1,0
BRDA:101,2,0,0
BRDA:101,2,1,0
BRDA:101,3,0,0
BRDA:101,3,1,0
BRDA:104,4,0,0
BRDA:104,4,1,0
BRDA:104,5,0,0
BRDA:104,5,1,0
BRDA:169,6,0,0
BRDA:169,6,1,0
BRDA:175,7,0,0
BRDA:175,7,1,0
BRDA:175,8,0,0
BRDA:175,8,1,0
BRDA:217,9,0,0
BRDA:217,9,1,0
BRDA:230,10,0,0
BRDA:230,10,1,0
BRDA:242,11,0,0
BRDA:242,11,1,0
BRDA:252,12,0,0
BRDA:252,12,1,0
BRDA:264,13,0,0
BRDA:264,13,1,0
BRF:28
BRH:0
end_of_record
TN:
SF:E:\deployment\fe_code_unit2\src\views\ad\campaign\public\link-creative-list.vue
FN:164,(anonymous_0)
FN:179,(anonymous_1)
FN:186,(anonymous_2)
FN:203,(anonymous_3)
FNF:4
FNH:0
FNDA:0,(anonymous_0)
FNDA:0,(anonymous_1)
FNDA:0,(anonymous_2)
FNDA:0,(anonymous_3)
DA:128,0
DA:159,0
DA:160,0
DA:165,0
DA:166,0
DA:172,0
DA:178,0
DA:179,0
DA:180,0
DA:187,0
DA:188,0
DA:189,0
DA:190,0
DA:191,0
DA:192,0
DA:195,0
DA:196,0
DA:198,0
DA:201,0
DA:204,0
DA:205,0
DA:211,0
DA:212,0
DA:215,0
DA:216,0
DA:220,0
DA:221,0
DA:226,0
DA:227,0
DA:232,0
DA:233,0
DA:238,0
DA:239,0
DA:245,0
DA:253,0
DA:254,0
DA:259,0
DA:260,0
DA:266,0
DA:274,0
DA:275,0
DA:280,0
DA:281,0
DA:286,0
DA:287,0
DA:292,0
DA:293,0
DA:299,0
DA:307,0
DA:308,0
DA:313,0
DA:314,0
DA:319,0
DA:320,0
DA:326,0
DA:333,0
DA:336,0
DA:339,0
DA:342,0
DA:343,0
LF:60
LH:0
BRDA:159,0,0,0
BRDA:159,0,1,0
BRDA:165,1,0,0
BRDA:165,1,1,0
BRDA:188,2,0,0
BRDA:188,2,1,0
BRDA:190,3,0,0
BRDA:190,3,1,0
BRDA:220,4,0,0
BRDA:220,4,1,0
BRDA:226,5,0,0
BRDA:226,5,1,0
BRDA:232,6,0,0
BRDA:232,6,1,0
BRDA:238,7,0,0
BRDA:238,7,1,0
BRDA:253,8,0,0
BRDA:253,8,1,0
BRDA:259,9,0,0
BRDA:259,9,1,0
BRDA:274,10,0,0
BRDA:274,10,1,0
BRDA:280,11,0,0
BRDA:280,11,1,0
BRDA:286,12,0,0
BRDA:286,12,1,0
BRDA:292,13,0,0
BRDA:292,13,1,0
BRDA:307,14,0,0
BRDA:307,14,1,0
BRDA:313,15,0,0
BRDA:313,15,1,0
BRDA:319,16,0,0
BRDA:319,16,1,0
BRDA:333,17,0,0
BRDA:333,17,1,0
BRDA:336,18,0,0
BRDA:336,18,1,0
BRF:38
BRH:0
end_of_record
TN:
SF:E:\deployment\fe_code_unit2\src\views\cm\creativelib\create\form-detail.vue
FN:60,(anonymous_0)
FN:119,(anonymous_1)
FN:228,(anonymous_2)
FN:232,(anonymous_3)
FN:242,(anonymous_4)
FN:256,(anonymous_5)
FN:272,(anonymous_6)
FN:284,(anonymous_7)
FNF:8
FNH:0
FNDA:0,(anonymous_0)
FNDA:0,(anonymous_1)
FNDA:0,(anonymous_2)
FNDA:0,(anonymous_3)
FNDA:0,(anonymous_4)
FNDA:0,(anonymous_5)
FNDA:0,(anonymous_6)
FNDA:0,(anonymous_7)
DA:60,0
DA:61,0
DA:63,0
DA:120,0
DA:129,0
DA:132,0
DA:133,0
DA:135,0
DA:139,0
DA:144,0
DA:147,0
DA:151,0
DA:152,0
DA:153,0
DA:155,0
DA:156,0
DA:158,0
DA:159,0
DA:161,0
DA:162,0
DA:164,0
DA:166,0
DA:169,0
DA:172,0
DA:175,0
DA:180,0
DA:181,0
DA:182,0
DA:184,0
DA:188,0
DA:189,0
DA:190,0
DA:191,0
DA:193,0
DA:194,0
DA:195,0
DA:197,0
DA:200,0
DA:204,0
DA:205,0
DA:206,0
DA:207,0
DA:208,0
DA:211,0
DA:214,0
DA:215,0
DA:216,0
DA:217,0
DA:220,0
DA:221,0
DA:224,0
DA:225,0
DA:227,0
DA:228,0
DA:229,0
DA:231,0
DA:232,0
DA:233,0
DA:236,0
DA:240,0
DA:241,0
DA:243,0
DA:244,0
DA:245,0
DA:247,0
DA:248,0
DA:249,0
DA:250,0
DA:251,0
DA:253,0
DA:254,0
DA:257,0
DA:258,0
DA:262,0
DA:263,0
DA:264,0
DA:266,0
DA:271,0
DA:273,0
DA:274,0
DA:275,0
DA:279,0
DA:280,0
DA:281,0
DA:285,0
DA:286,0
DA:288,0
LF:87
LH:0
BRDA:132,0,0,0
BRDA:132,0,1,0
BRDA:132,1,0,0
BRDA:132,1,1,0
BRDA:132,1,2,0
BRDA:153,2,0,0
BRDA:153,2,1,0
BRDA:153,2,2,0
BRDA:153,2,3,0
BRDA:181,3,0,0
BRDA:181,3,1,0
BRDA:188,4,0,0
BRDA:188,4,1,0
BRDA:190,5,0,0
BRDA:190,5,1,0
BRDA:194,6,0,0
BRDA:194,6,1,0
BRDA:207,7,0,0
BRDA:207,7,1,0
BRDA:207,8,0,0
BRDA:207,8,1,0
BRDA:227,9,0,0
BRDA:227,9,1,0
BRDA:231,10,0,0
BRDA:231,10,1,0
BRDA:243,11,0,0
BRDA:243,11,1,0
BRDA:243,12,0,0
BRDA:243,12,1,0
BRDA:273,13,0,0
BRDA:273,13,1,0
BRDA:273,14,0,0
BRDA:273,14,1,0
BRDA:281,15,0,0
BRDA:281,15,1,0
BRF:35
BRH:0
end_of_record
TN:
SF:E:\deployment\fe_code_unit2\src\views\cm\creativelib\create\pointRequire-detail.vue
FN:87,(anonymous_0)
FNF:1
FNH:0
FNDA:0,(anonymous_0)
DA:60,1
DA:79,0
DA:87,0
DA:94,0
DA:97,0
DA:98,0
DA:99,0
DA:100,0
DA:102,0
DA:106,0
DA:107,0
DA:108,0
DA:111,0
DA:112,0
DA:113,0
DA:115,0
DA:118,0
DA:121,0
DA:122,0
DA:123,0
LF:20
LH:1
BRDA:98,0,0,0
BRDA:98,0,1,0
BRF:2
BRH:0
end_of_record
TN:
SF:E:\deployment\fe_code_unit2\src\views\ad\campaign\manage\creative-list.vue
FN:176,(anonymous_0)
FN:195,(anonymous_1)
FN:202,(anonymous_2)
FN:212,(anonymous_3)
FNF:4
FNH:0
FNDA:0,(anonymous_0)
FNDA:0,(anonymous_1)
FNDA:0,(anonymous_2)
FNDA:0,(anonymous_3)
DA:118,0
DA:176,0
DA:181,0
DA:186,0
DA:187,0
DA:191,0
DA:194,0
DA:195,0
DA:196,0
DA:203,0
DA:204,0
DA:205,0
DA:206,0
DA:209,0
DA:210,0
DA:213,0
DA:214,0
DA:219,0
DA:222,0
DA:223,0
DA:228,0
DA:229,0
DA:234,0
DA:235,0
DA:241,0
DA:249,0
DA:252,0
DA:253,0
LF:28
LH:0
BRDA:186,0,0,0
BRDA:186,0,1,0
BRDA:186,1,0,0
BRDA:186,1,1,0
BRDA:199,2,0,0
BRDA:199,2,1,0
BRDA:204,3,0,0
BRDA:204,3,1,0
BRDA:222,4,0,0
BRDA:222,4,1,0
BRDA:228,5,0,0
BRDA:228,5,1,0
BRDA:234,6,0,0
BRDA:234,6,1,0
BRF:14
BRH:0
end_of_record
TN:
SF:E:\deployment\fe_code_unit2\src\views\cm\creativelib\create\form-edit.vue
FN:122,(anonymous_0)
FN:125,(anonymous_1)
FN:188,(anonymous_2)
FN:259,(anonymous_3)
FN:265,(anonymous_4)
FN:313,(anonymous_5)
FN:326,(anonymous_6)
FN:383,(anonymous_7)
FN:387,(anonymous_8)
FN:395,(anonymous_9)
FN:424,(anonymous_10)
FN:428,(anonymous_11)
FN:436,(anonymous_12)
FN:444,(anonymous_13)
FN:456,(anonymous_14)
FNF:15
FNH:0
FNDA:0,(anonymous_0)
FNDA:0,(anonymous_1)
FNDA:0,(anonymous_2)
FNDA:0,(anonymous_3)
FNDA:0,(anonymous_4)
FNDA:0,(anonymous_5)
FNDA:0,(anonymous_6)
FNDA:0,(anonymous_7)
FNDA:0,(anonymous_8)
FNDA:0,(anonymous_9)
FNDA:0,(anonymous_10)
FNDA:0,(anonymous_11)
FNDA:0,(anonymous_12)
FNDA:0,(anonymous_13)
FNDA:0,(anonymous_14)
DA:100,1
DA:122,0
DA:123,0
DA:125,0
DA:126,0
DA:127,0
DA:129,0
DA:132,0
DA:189,0
DA:194,0
DA:195,0
DA:204,0
DA:205,0
DA:207,0
DA:211,0
DA:212,0
DA:213,0
DA:214,0
DA:220,0
DA:224,0
DA:225,0
DA:226,0
DA:228,0
DA:229,0
DA:231,0
DA:232,0
DA:234,0
DA:235,0
DA:237,0
DA:239,0
DA:242,0
DA:245,0
DA:248,0
DA:251,0
DA:254,0
DA:255,0
DA:257,0
DA:259,0
DA:262,0
DA:263,0
DA:265,0
DA:266,0
DA:267,0
DA:268,0
DA:270,0
DA:277,0
DA:280,0
DA:281,0
DA:282,0
DA:284,0
DA:288,0
DA:289,0
DA:290,0
DA:291,0
DA:293,0
DA:294,0
DA:295,0
DA:297,0
DA:300,0
DA:304,0
DA:305,0
DA:307,0
DA:311,0
DA:314,0
DA:315,0
DA:316,0
DA:317,0
DA:318,0
DA:319,0
DA:320,0
DA:322,0
DA:323,0
DA:324,0
DA:327,0
DA:328,0
DA:329,0
DA:333,0
DA:334,0
DA:335,0
DA:337,0
DA:340,0
DA:341,0
DA:342,0
DA:343,0
DA:344,0
DA:345,0
DA:346,0
DA:347,0
DA:350,0
DA:353,0
DA:375,0
DA:376,0
DA:377,0
DA:378,0
DA:381,0
DA:384,0
DA:385,0
DA:388,0
DA:392,0
DA:396,0
DA:401,0
DA:415,0
DA:416,0
DA:417,0
DA:418,0
DA:420,0
DA:422,0
DA:425,0
DA:426,0
DA:429,0
DA:433,0
DA:437,0
DA:443,0
DA:445,0
DA:446,0
DA:447,0
DA:451,0
DA:452,0
DA:453,0
DA:457,0
DA:458,0
DA:460,0
LF:122
LH:1
BRDA:126,0,0,0
BRDA:126,0,1,0
BRDA:126,1,0,0
BRDA:126,1,1,0
BRDA:194,2,0,0
BRDA:194,2,1,0
BRDA:204,3,0,0
BRDA:204,3,1,0
BRDA:204,4,0,0
BRDA:204,4,1,0
BRDA:204,4,2,0
BRDA:226,5,0,0
BRDA:226,5,1,0
BRDA:226,5,2,0
BRDA:226,5,3,0
BRDA:262,6,0,0
BRDA:262,6,1,0
BRDA:262,7,0,0
BRDA:262,7,1,0
BRDA:266,8,0,0
BRDA:266,8,1,0
BRDA:267,9,0,0
BRDA:267,9,1,0
BRDA:281,10,0,0
BRDA:281,10,1,0
BRDA:288,11,0,0
BRDA:288,11,1,0
BRDA:290,12,0,0
BRDA:290,12,1,0
BRDA:294,13,0,0
BRDA:294,13,1,0
BRDA:304,14,0,0
BRDA:304,14,1,0
BRDA:314,15,0,0
BRDA:314,15,1,0
BRDA:314,16,0,0
BRDA:314,16,1,0
BRDA:343,17,0,0
BRDA:343,17,1,0
BRDA:375,18,0,0
BRDA:375,18,1,0
BRDA:384,19,0,0
BRDA:384,19,1,0
BRDA:415,20,0,0
BRDA:415,20,1,0
[...]
BRDA:192,7,0,0
BRDA:192,7,1,0
BRDA:192,8,0,0
BRDA:192,8,1,0
BRF:18
BRH:0
end_of_record
TN:
SF:E:\deployment\fe_code_unit2\src\views\crowd\crowdAdd.vue
FN:220,(anonymous_0)
FN:231,(anonymous_1)
FN:342,(anonymous_2)
FNF:3
FNH:0
FNDA:0,(anonymous_0)
FNDA:0,(anonymous_1)
FNDA:0,(anonymous_2)
DA:170,0
DA:215,0
DA:216,0
DA:220,0
DA:221,0
DA:225,0
DA:226,0
DA:227,0
DA:228,0
DA:231,0
DA:232,0
DA:233,0
DA:238,0
DA:241,0
DA:242,0
DA:245,0
DA:246,0
DA:249,0
DA:250,0
DA:251,0
DA:255,0
DA:257,0
DA:259,0
DA:260,0
DA:261,0
DA:262,0
DA:263,0
DA:264,0
DA:268,0
DA:270,0
DA:272,0
DA:273,0
DA:274,0
DA:275,0
DA:276,0
DA:280,0
DA:282,0
DA:284,0
DA:285,0
DA:286,0
DA:288,0
DA:291,0
DA:292,0
DA:293,0
DA:294,0
DA:295,0
DA:299,0
DA:301,0
DA:303,0
DA:304,0
DA:305,0
DA:306,0
DA:307,0
DA:308,0
DA:312,0
DA:314,0
DA:316,0
DA:317,0
DA:318,0
DA:322,0
DA:324,0
DA:326,0
DA:327,0
DA:328,0
DA:329,0
DA:330,0
DA:331,0
DA:335,0
DA:337,0
DA:341,0
DA:342,0
DA:343,0
DA:346,0
DA:347,0
DA:348,0
DA:349,0
DA:352,0
DA:353,0
DA:354,0
DA:356,0
DA:364,0
DA:369,0
DA:370,0
DA:371,0
DA:372,0
DA:373,0
DA:374,0
DA:375,0
DA:376,0
DA:377,0
DA:378,0
DA:379,0
DA:380,0
LF:93
LH:0
BRDA:232,0,0,0
BRDA:232,0,1,0
BRDA:232,1,0,0
BRDA:232,1,1,0
BRDA:250,2,0,0
BRDA:250,2,1,0
BRDA:261,3,0,0
BRDA:261,3,1,0
BRDA:263,4,0,0
BRDA:263,4,1,0
BRDA:272,5,0,0
BRDA:272,5,1,0
BRDA:275,6,0,0
BRDA:275,6,1,0
BRDA:284,7,0,0
BRDA:284,7,1,0
BRDA:285,8,0,0
BRDA:285,8,1,0
BRDA:291,9,0,0
BRDA:291,9,1,0
BRDA:293,10,0,0
BRDA:293,10,1,0
BRDA:294,11,0,0
BRDA:294,11,1,0
BRDA:294,12,0,0
BRDA:294,12,1,0
BRDA:307,13,0,0
BRDA:307,13,1,0
BRDA:316,14,0,0
BRDA:316,14,1,0
BRDA:317,15,0,0
BRDA:317,15,1,0
BRDA:317,16,0,0
BRDA:317,16,1,0
BRDA:330,17,0,0
BRDA:330,17,1,0
BRDA:353,18,0,0
BRDA:353,18,1,0
BRDA:353,19,0,0
BRDA:353,19,1,0
BRF:40
BRH:0
end_of_record
TN:
SF:E:\deployment\fe_code_unit2\src\views\crowd\crowdCompile.vue
FN:222,(anonymous_0)
FN:229,(anonymous_1)
FN:238,(anonymous_2)
FN:240,(anonymous_3)
FN:286,(anonymous_4)
FN:416,(anonymous_5)
FNF:6
FNH:0
FNDA:0,(anonymous_0)
FNDA:0,(anonymous_1)
FNDA:0,(anonymous_2)
FNDA:0,(anonymous_3)
FNDA:0,(anonymous_4)
FNDA:0,(anonymous_5)
DA:169,0
DA:215,0
DA:222,0
DA:223,0
DA:224,0
DA:225,0
DA:229,0
DA:230,0
DA:231,0
DA:233,0
DA:234,0
DA:235,0
DA:236,0
DA:237,0
DA:238,0
DA:239,0
DA:240,0
DA:241,0
DA:242,0
DA:245,0
DA:247,0
DA:249,0
DA:250,0
DA:251,0
DA:252,0
DA:254,0
DA:255,0
DA:256,0
DA:257,0
DA:258,0
DA:259,0
DA:260,0
DA:261,0
DA:263,0
DA:264,0
DA:268,0
DA:269,0
DA:276,0
DA:280,0
DA:281,0
DA:282,0
DA:283,0
DA:286,0
DA:287,0
DA:288,0
DA:294,0
DA:295,0
DA:296,0
DA:297,0
DA:300,0
DA:304,0
DA:306,0
DA:308,0
DA:309,0
DA:310,0
DA:311,0
DA:312,0
DA:315,0
DA:319,0
DA:321,0
DA:324,0
DA:325,0
DA:327,0
DA:328,0
DA:334,0
DA:336,0
DA:338,0
DA:339,0
DA:340,0
DA:342,0
DA:345,0
DA:347,0
DA:348,0
DA:349,0
DA:350,0
DA:353,0
DA:357,0
DA:359,0
DA:361,0
DA:362,0
DA:363,0
DA:364,0
DA:365,0
DA:368,0
DA:372,0
DA:374,0
DA:376,0
DA:377,0
DA:380,0
DA:384,0
DA:386,0
DA:388,0
DA:389,0
DA:390,0
DA:391,0
DA:392,0
DA:395,0
DA:399,0
DA:401,0
DA:406,0
DA:409,0
DA:410,0
DA:412,0
DA:415,0
DA:416,0
DA:417,0
DA:419,0
DA:420,0
DA:421,0
DA:422,0
DA:423,0
DA:426,0
DA:427,0
DA:428,0
DA:430,0
LF:115
LH:0
BRDA:230,0,0,0
BRDA:230,0,1,0
BRDA:235,1,0,0
BRDA:235,1,1,0
BRDA:241,2,0,0
BRDA:241,2,1,0
BRDA:249,3,0,0
BRDA:249,3,1,0
BRDA:252,4,0,0
BRDA:252,4,1,0
BRDA:254,5,0,0
BRDA:254,5,1,0
BRDA:256,6,0,0
BRDA:256,6,1,0
BRDA:263,7,0,0
BRDA:263,7,1,0
BRDA:287,8,0,0
BRDA:287,8,1,0
BRDA:287,9,0,0
BRDA:287,9,1,0
BRDA:295,10,0,0
BRDA:295,10,1,0
BRDA:297,11,0,0
BRDA:297,11,1,0
BRDA:310,12,0,0
BRDA:310,12,1,0
BRDA:312,13,0,0
BRDA:312,13,1,0
BRDA:324,14,0,0
BRDA:324,14,1,0
BRDA:327,15,0,0
BRDA:327,15,1,0
BRDA:338,16,0,0
BRDA:338,16,1,0
BRDA:339,17,0,0
BRDA:339,17,1,0
BRDA:347,18,0,0
BRDA:347,18,1,0
BRDA:349,19,0,0
BRDA:349,19,1,0
BRDA:350,20,0,0
BRDA:350,20,1,0
BRDA:350,21,0,0
BRDA:350,21,1,0
BRDA:365,22,0,0
BRDA:365,22,1,0
BRDA:376,23,0,0
BRDA:376,23,1,0
BRDA:377,24,0,0
BRDA:377,24,1,0
BRDA:377,25,0,0
BRDA:377,25,1,0
BRDA:392,26,0,0
BRDA:392,26,1,0
BRDA:406,27,0,0
BRDA:406,27,1,0
BRDA:409,28,0,0
BRDA:409,28,1,0
BRDA:427,29,0,0
BRDA:427,29,1,0
BRDA:427,30,0,0
BRDA:427,30,1,0
BRF:62
BRH:0
end_of_record
TN:
SF:E:\deployment\fe_code_unit2\src\store\advertiser\index.js
FN:26,(anonymous_0)
FN:28,(anonymous_1)
FN:33,(anonymous_2)
FN:39,(anonymous_3)
FN:41,(anonymous_4)
FN:50,(anonymous_5)
FN:53,(anonymous_6)
FN:61,(anonymous_7)
FNF:8
FNH:0
FNDA:0,(anonymous_0)
FNDA:0,(anonymous_1)
FNDA:0,(anonymous_2)
FNDA:0,(anonymous_3)
FNDA:0,(anonymous_4)
FNDA:0,(anonymous_5)
FNDA:0,(anonymous_6)
FNDA:0,(anonymous_7)
DA:3,1
DA:12,1
DA:14,0
DA:17,0
DA:20,0
DA:24,1
DA:26,0
DA:27,0
DA:29,0
DA:30,0
DA:34,0
DA:39,0
DA:40,0
DA:42,0
DA:43,0
DA:50,0
DA:51,0
DA:54,0
DA:55,0
DA:56,0
DA:59,0
DA:62,0
LF:22
LH:3
BRDA:29,0,0,0
BRDA:29,0,1,0
BRDA:29,1,0,0
BRDA:29,1,1,0
BRDA:29,1,2,0
BRDA:42,2,0,0
BRDA:42,2,1,0
BRDA:42,3,0,0
BRDA:42,3,1,0
BRDA:54,4,0,0
BRDA:54,4,1,0
BRF:11
BRH:0
end_of_record
TN:
SF:E:\deployment\fe_code_unit2\src\store\ad\index.js
FN:192,(anonymous_0)
FN:214,(anonymous_1)
FN:237,(anonymous_2)
FN:239,(anonymous_3)
FN:246,(anonymous_4)
FN:255,(anonymous_5)
FNF:6
FNH:1
FNDA:0,(anonymous_0)
FNDA:0,(anonymous_1)
FNDA:0,(anonymous_2)
FNDA:0,(anonymous_3)
FNDA:0,(anonymous_4)
FNDA:1,(anonymous_5)
DA:5,1
DA:33,1
DA:35,0
DA:36,0
DA:37,0
DA:39,0
DA:40,0
DA:44,0
DA:47,0
DA:50,0
DA:53,0
DA:56,0
DA:59,0
DA:62,0
DA:65,0
DA:68,0
DA:71,0
DA:74,0
DA:77,0
DA:80,0
DA:81,0
DA:84,0
DA:85,0
DA:86,0
DA:87,0
DA:88,0
DA:89,0
DA:90,0
DA:91,0
DA:92,0
DA:93,0
DA:94,0
DA:96,0
DA:101,0
DA:102,0
DA:103,0
DA:104,0
DA:105,0
DA:109,0
DA:110,0
DA:111,0
DA:112,0
DA:113,0
DA:114,0
DA:115,0
DA:116,0
DA:117,0
DA:118,0
DA:119,0
DA:120,0
DA:122,0
DA:127,0
DA:128,0
DA:129,0
DA:130,0
DA:131,0
DA:132,0
DA:136,0
DA:139,0
DA:142,0
DA:145,0
DA:148,0
DA:151,0
DA:155,1
DA:157,0
DA:160,0
DA:163,0
DA:166,0
DA:169,0
DA:172,0
DA:175,0
DA:176,0
DA:179,0
DA:182,0
DA:185,0
DA:188,0
DA:191,0
DA:193,0
DA:194,0
DA:195,0
DA:196,0
DA:197,0
DA:198,0
DA:199,0
DA:200,0
DA:201,0
DA:202,0
DA:208,0
DA:211,0
DA:215,0
DA:219,0
DA:222,0
DA:225,0
DA:228,0
DA:231,0
DA:234,0
DA:237,0
DA:238,0
DA:240,0
DA:241,0
DA:243,0
DA:247,0
DA:254,1
DA:256,1
DA:257,1
DA:259,0
DA:260,0
DA:262,0
DA:263,0
DA:265,0
DA:272,1
LF:111
LH:7
BRDA:36,0,0,0
BRDA:36,0,1,0
BRDA:88,1,0,0
BRDA:88,1,1,0
BRDA:91,2,0,0
BRDA:91,2,1,0
BRDA:103,3,0,0
BRDA:103,3,1,0
BRDA:114,4,0,0
BRDA:114,4,1,0
BRDA:117,5,0,0
BRDA:117,5,1,0
BRDA:130,6,0,0
BRDA:130,6,1,0
BRDA:193,7,0,0
BRDA:193,7,1,0
BRDA:193,8,0,0
BRDA:193,8,1,0
BRDA:197,9,0,0
BRDA:197,9,1,0
BRDA:200,10,0,0
BRDA:200,10,1,0
BRDA:240,11,0,0
BRDA:240,11,1,0
BRDA:240,12,0,0
BRDA:240,12,1,0
BRDA:256,13,0,1
BRDA:256,13,1,0
BRDA:259,14,0,0
BRDA:259,14,1,0
BRDA:262,15,0,0
BRDA:262,15,1,0
BRF:32
BRH:1
end_of_record
TN:
SF:E:\deployment\fe_code_unit2\src\store\ad\campaign\index.js
FN:100,(anonymous_0)
FN:101,(anonymous_1)
FN:105,(anonymous_2)
FNF:3
FNH:2
FNDA:1,(anonymous_0)
FNDA:0,(anonymous_1)
FNDA:1,(anonymous_2)
DA:7,1
DA:99,1
DA:101,1
DA:102,0
DA:106,1
DA:113,1
DA:114,1
DA:115,1
DA:116,1
DA:117,1
DA:118,1
DA:119,1
DA:120,1
DA:123,0
DA:124,0
DA:125,0
DA:126,0
DA:127,0
DA:128,0
DA:129,0
DA:131,1
LF:21
LH:13
BRDA:110,0,0,0
BRDA:110,0,1,1
BRDA:113,1,0,1
BRDA:113,1,1,0
BRDA:129,2,0,0
BRDA:129,2,1,0
BRF:6
BRH:2
end_of_record
TN:
SF:E:\deployment\fe_code_unit2\src\store\ad\campaign\mutations.js
FNF:0
FNH:0
DA:1,1
DA:3,0
DA:6,0
DA:9,0
DA:12,0
DA:15,0
DA:18,0
DA:21,0
DA:24,0
DA:27,0
DA:30,0
DA:33,0
DA:36,0
DA:39,0
DA:42,0
DA:45,0
DA:48,0
DA:51,0
DA:54,0
DA:57,0
DA:60,0
DA:63,0
DA:66,0
DA:69,0
DA:72,0
DA:75,0
DA:78,0
DA:81,0
DA:84,0
DA:87,0
DA:90,0
DA:93,0
DA:96,0
DA:100,0
DA:103,0
DA:106,0
DA:109,0
DA:112,0
DA:115,0
DA:118,0
DA:121,0
DA:124,0
DA:127,0
DA:130,0
DA:133,0
LF:45
LH:1
BRF:0
BRH:0
end_of_record
TN:
SF:E:\deployment\fe_code_unit2\src\store\ad\campaign\actions.js
FN:150,(anonymous_0)
FN:151,(anonymous_1)
FN:159,(anonymous_2)
FN:165,(anonymous_3)
FN:169,(anonymous_4)
FN:176,(anonymous_5)
FN:183,(anonymous_6)
FN:195,(anonymous_7)
FN:205,(anonymous_8)
FN:212,(anonymous_9)
FN:246,(anonymous_10)
FN:253,(anonymous_11)
FN:260,(anonymous_12)
FN:264,(anonymous_13)
FN:271,(anonymous_14)
FN:278,(anonymous_15)
FN:281,(anonymous_16)
FN:282,(anonymous_17)
FN:289,(anonymous_18)
FN:297,(anonymous_19)
FN:300,(anonymous_20)
FN:307,(anonymous_21)
FN:368,(anonymous_22)
FNF:23
FNH:0
FNDA:0,(anonymous_0)
FNDA:0,(anonymous_1)
FNDA:0,(anonymous_2)
FNDA:0,(anonymous_3)
FNDA:0,(anonymous_4)
FNDA:0,(anonymous_5)
FNDA:0,(anonymous_6)
FNDA:0,(anonymous_7)
FNDA:0,(anonymous_8)
FNDA:0,(anonymous_9)
FNDA:0,(anonymous_10)
FNDA:0,(anonymous_11)
FNDA:0,(anonymous_12)
FNDA:0,(anonymous_13)
FNDA:0,(anonymous_14)
FNDA:0,(anonymous_15)
FNDA:0,(anonymous_16)
FNDA:0,(anonymous_17)
FNDA:0,(anonymous_18)
FNDA:0,(anonymous_19)
FNDA:0,(anonymous_20)
FNDA:0,(anonymous_21)
FNDA:0,(anonymous_22)
DA:3,1
DA:5,0
DA:8,0
DA:11,0
DA:14,0
DA:17,0
DA:20,0
DA:23,0
DA:26,0
DA:29,0
DA:32,0
DA:35,0
DA:38,0
DA:41,0
DA:44,0
DA:47,0
DA:50,0
DA:53,0
DA:56,0
DA:59,0
DA:62,0
DA:65,0
DA:68,0
DA:71,0
DA:74,0
DA:77,0
DA:80,0
DA:83,0
DA:86,0
DA:89,0
DA:92,0
DA:95,0
DA:98,0
DA:101,0
DA:104,0
DA:107,0
DA:110,0
DA:113,0
DA:116,0
DA:119,0
DA:122,0
DA:125,0
DA:128,0
DA:131,0
DA:134,0
DA:137,0
DA:138,0
DA:139,0
DA:140,0
DA:141,0
DA:142,0
DA:143,0
DA:144,0
DA:145,0
DA:146,0
DA:147,0
DA:150,0
DA:151,0
DA:152,0
DA:153,0
DA:154,0
DA:157,0
DA:160,0
DA:165,0
DA:166,0
DA:170,0
DA:171,0
DA:174,0
DA:177,0
DA:183,0
DA:184,0
DA:196,0
DA:197,0
DA:198,0
DA:200,0
DA:203,0
DA:206,0
DA:212,0
DA:213,0
DA:247,0
DA:248,0
DA:251,0
DA:254,0
DA:260,0
DA:261,0
DA:265,0
DA:266,0
DA:269,0
DA:272,0
DA:278,0
DA:279,0
DA:281,0
DA:283,0
DA:284,0
DA:287,0
DA:290,0
DA:296,0
DA:297,0
DA:298,0
DA:301,0
DA:302,0
DA:305,0
DA:308,0
DA:313,0
DA:314,0
DA:315,0
DA:317,0
DA:318,0
DA:319,0
DA:320,0
DA:323,0
DA:324,0
DA:326,0
DA:327,0
DA:329,0
DA:330,0
DA:332,0
DA:334,0
DA:335,0
DA:337,0
DA:338,0
DA:340,0
DA:341,0
DA:343,0
DA:344,0
DA:345,0
DA:346,0
DA:347,0
DA:348,0
DA:350,0
DA:351,0
DA:352,0
DA:354,0
DA:355,0
DA:356,0
DA:357,0
DA:358,0
DA:359,0
DA:361,0
DA:363,0
DA:364,0
DA:365,0
DA:366,0
DA:368,0
DA:369,0
DA:373,0
DA:375,0
LF:147
LH:1
BRDA:137,0,0,0
BRDA:137,0,1,0
BRDA:138,1,0,0
BRDA:138,1,1,0
BRDA:139,2,0,0
BRDA:139,2,1,0
BRDA:140,3,0,0
BRDA:140,3,1,0
BRDA:141,4,0,0
BRDA:141,4,1,0
BRDA:142,5,0,0
BRDA:142,5,1,0
BRDA:143,6,0,0
BRDA:143,6,1,0
BRDA:144,7,0,0
BRDA:144,7,1,0
BRDA:145,8,0,0
BRDA:145,8,1,0
BRDA:146,9,0,0
BRDA:146,9,1,0
BRDA:147,10,0,0
BRDA:147,10,1,0
BRDA:152,11,0,0
BRDA:152,11,1,0
BRDA:170,12,0,0
BRDA:170,12,1,0
BRDA:196,13,0,0
BRDA:196,13,1,0
BRDA:197,14,0,0
BRDA:197,14,1,0
BRDA:216,15,0,0
BRDA:216,15,1,0
BRDA:219,16,0,0
BRDA:219,16,1,0
BRDA:222,17,0,0
BRDA:222,17,1,0
BRDA:225,18,0,0
BRDA:225,18,1,0
BRDA:230,19,0,0
BRDA:230,19,1,0
BRDA:240,20,0,0
BRDA:240,20,1,0
BRDA:247,21,0,0
BRDA:247,21,1,0
BRDA:265,22,0,0
BRDA:265,22,1,0
BRDA:283,23,0,0
BRDA:283,23,1,0
BRDA:296,24,0,0
BRDA:296,24,1,0
BRDA:299,25,0,0
BRDA:299,25,1,0
BRDA:301,26,0,0
BRDA:301,26,1,0
BRDA:313,27,0,0
BRDA:313,27,1,0
BRDA:314,28,0,0
BRDA:314,28,1,0
BRDA:315,29,0,0
BRDA:315,29,1,0
BRDA:317,30,0,0
BRDA:317,30,1,0
BRDA:318,31,0,0
BRDA:318,31,1,0
BRDA:323,32,0,0
BRDA:323,32,1,0
BRDA:324,33,0,0
BRDA:324,33,1,0
BRDA:326,34,0,0
BRDA:326,34,1,0
BRDA:327,35,0,0
BRDA:327,35,1,0
BRDA:327,35,2,0
BRDA:329,36,0,0
BRDA:329,36,1,0
BRDA:330,37,0,0
BRDA:330,37,1,0
BRDA:332,38,0,0
BRDA:332,38,1,0
BRDA:334,39,0,0
BRDA:334,39,1,0
BRDA:335,40,0,0
BRDA:335,40,1,0
BRDA:337,41,0,0
BRDA:337,41,1,0
BRDA:338,42,0,0
BRDA:338,42,1,0
BRDA:340,43,0,0
BRDA:340,43,1,0
BRDA:341,44,0,0
BRDA:341,44,1,0
BRDA:343,45,0,0
BRDA:343,45,1,0
BRDA:344,46,0,0
BRDA:344,46,1,0
BRDA:344,46,2,0
BRDA:345,47,0,0
BRDA:345,47,1,0
BRDA:345,47,2,0
BRDA:346,48,0,0
BRDA:346,48,1,0
BRDA:346,48,2,0
BRDA:347,49,0,0
BRDA:347,49,1,0
BRDA:347,49,2,0
BRDA:348,50,0,0
BRDA:348,50,1,0
BRDA:348,50,2,0
BRDA:351,51,0,0
BRDA:351,51,1,0
BRDA:351,51,2,0
BRDA:352,52,0,0
BRDA:352,52,1,0
BRDA:352,52,2,0
BRDA:354,53,0,0
BRDA:354,53,1,0
BRDA:355,54,0,0
BRDA:355,54,1,0
BRDA:355,54,2,0
BRDA:356,55,0,0
BRDA:356,55,1,0
BRDA:356,55,2,0
BRDA:357,56,0,0
BRDA:357,56,1,0
BRDA:357,56,2,0
BRDA:358,57,0,0
BRDA:358,57,1,0
BRDA:358,57,2,0
BRDA:359,58,0,0
BRDA:359,58,1,0
BRDA:359,58,2,0
BRDA:361,59,0,0
BRDA:361,59,1,0
BRDA:363,60,0,0
BRDA:363,60,1,0
BRDA:363,61,0,0
BRDA:363,61,1,0
BRDA:365,62,0,0
BRDA:365,62,1,0
BRF:139
BRH:0
end_of_record
TN:
SF:E:\deployment\fe_code_unit2\src\store\cm\index.js
FN:36,(anonymous_0)
FN:38,(anonymous_1)
FN:47,(anonymous_2)
FN:53,(anonymous_3)
FN:55,(anonymous_4)
FN:64,(anonymous_5)
FN:70,(anonymous_6)
FN:73,(anonymous_7)
FN:82,(anonymous_8)
FN:89,(anonymous_9)
FN:91,(anonymous_10)
FN:100,(anonymous_11)
FN:106,(anonymous_12)
FN:108,(anonymous_13)
FN:117,(anonymous_14)
FNF:15
FNH:0
FNDA:0,(anonymous_0)
FNDA:0,(anonymous_1)
FNDA:0,(anonymous_2)
FNDA:0,(anonymous_3)
FNDA:0,(anonymous_4)
FNDA:0,(anonymous_5)
FNDA:0,(anonymous_6)
FNDA:0,(anonymous_7)
FNDA:0,(anonymous_8)
FNDA:0,(anonymous_9)
FNDA:0,(anonymous_10)
FNDA:0,(anonymous_11)
FNDA:0,(anonymous_12)
FNDA:0,(anonymous_13)
FNDA:0,(anonymous_14)
DA:3,1
DA:12,1
DA:14,0
DA:17,0
DA:20,0
DA:24,0
DA:27,0
DA:30,0
DA:34,1
DA:36,0
DA:37,0
DA:39,0
DA:40,0
DA:41,0
DA:42,0
DA:44,0
DA:48,0
DA:53,0
DA:54,0
DA:56,0
DA:57,0
DA:58,0
DA:59,0
DA:61,0
DA:65,0
DA:70,0
DA:72,0
DA:74,0
DA:75,0
DA:76,0
DA:77,0
DA:79,0
DA:83,0
DA:89,0
DA:90,0
DA:92,0
DA:93,0
DA:94,0
DA:95,0
DA:97,0
DA:101,0
DA:106,0
DA:107,0
DA:109,0
DA:110,0
DA:111,0
DA:112,0
DA:114,0
DA:118,0
LF:49
LH:3
BRDA:39,0,0,0
BRDA:39,0,1,0
BRDA:39,1,0,0
BRDA:39,1,1,0
BRDA:44,2,0,0
BRDA:44,2,1,0
BRDA:48,3,0,0
BRDA:48,3,1,0
BRDA:56,4,0,0
BRDA:56,4,1,0
BRDA:56,5,0,0
BRDA:56,5,1,0
BRDA:61,6,0,0
BRDA:61,6,1,0
BRDA:65,7,0,0
BRDA:65,7,1,0
BRDA:74,8,0,0
BRDA:74,8,1,0
BRDA:74,9,0,0
BRDA:74,9,1,0
BRDA:79,10,0,0
BRDA:79,10,1,0
BRDA:92,11,0,0
BRDA:92,11,1,0
BRDA:92,12,0,0
BRDA:92,12,1,0
BRDA:97,13,0,0
BRDA:97,13,1,0
BRDA:109,14,0,0
BRDA:109,14,1,0
BRDA:109,15,0,0
BRDA:109,15,1,0
BRDA:114,16,0,0
BRDA:114,16,1,0
BRF:34
BRH:0
end_of_record
TN:
SF:E:\deployment\fe_code_unit2\src\store\report\index.js
FN:163,(anonymous_0)
FN:169,(anonymous_1)
FN:172,(anonymous_2)
FN:179,(anonymous_3)
FN:188,(anonymous_4)
FN:191,(anonymous_5)
FN:199,(anonymous_6)
FN:207,(anonymous_7)
FN:210,(anonymous_8)
FN:218,(anonymous_9)
FN:228,(anonymous_10)
FN:229,(anonymous_11)
FN:236,(anonymous_12)
FN:245,(anonymous_13)
FN:253,(anonymous_14)
FN:256,(anonymous_15)
FN:265,(anonymous_16)
FN:273,(anonymous_17)
FN:276,(anonymous_18)
FN:284,(anonymous_19)
FN:292,(anonymous_20)
FN:296,(anonymous_21)
FN:305,(anonymous_22)
FN:311,(anonymous_23)
FN:314,(anonymous_24)
FN:323,(anonymous_25)
FN:332,(anonymous_26)
FN:335,(anonymous_27)
FN:344,(anonymous_28)
FN:353,(anonymous_29)
FN:356,(anonymous_30)
FN:364,(anonymous_31)
FN:373,(anonymous_32)
FN:376,(anonymous_33)
FN:385,(anonymous_34)
FN:393,(anonymous_35)
FN:396,(anonymous_36)
FNF:37
FNH:0
FNDA:0,(anonymous_0)
FNDA:0,(anonymous_1)
FNDA:0,(anonymous_2)
FNDA:0,(anonymous_3)
FNDA:0,(anonymous_4)
FNDA:0,(anonymous_5)
FNDA:0,(anonymous_6)
FNDA:0,(anonymous_7)
FNDA:0,(anonymous_8)
FNDA:0,(anonymous_9)
FNDA:0,(anonymous_10)
FNDA:0,(anonymous_11)
FNDA:0,(anonymous_12)
FNDA:0,(anonymous_13)
FNDA:0,(anonymous_14)
FNDA:0,(anonymous_15)
FNDA:0,(anonymous_16)
FNDA:0,(anonymous_17)
FNDA:0,(anonymous_18)
FNDA:0,(anonymous_19)
FNDA:0,(anonymous_20)
FNDA:0,(anonymous_21)
FNDA:0,(anonymous_22)
FNDA:0,(anonymous_23)
FNDA:0,(anonymous_24)
FNDA:0,(anonymous_25)
FNDA:0,(anonymous_26)
FNDA:0,(anonymous_27)
FNDA:0,(anonymous_28)
FNDA:0,(anonymous_29)
FNDA:0,(anonymous_30)
FNDA:0,(anonymous_31)
FNDA:0,(anonymous_32)
FNDA:0,(anonymous_33)
FNDA:0,(anonymous_34)
FNDA:0,(anonymous_35)
FNDA:0,(anonymous_36)
DA:3,1
DA:55,1
DA:58,0
DA:63,0
DA:66,0
DA:67,0
DA:69,0
DA:70,0
DA:72,0
DA:73,0
DA:80,0
DA:83,0
DA:84,0
DA:86,0
DA:87,0
DA:89,0
DA:90,0
DA:96,0
DA:99,0
DA:100,0
DA:102,0
DA:103,0
DA:105,0
DA:106,0
DA:112,0
DA:115,0
DA:116,0
DA:118,0
DA:119,0
DA:121,0
DA:122,0
DA:128,0
DA:131,0
DA:132,0
DA:134,0
DA:135,0
DA:137,0
DA:138,0
DA:144,0
DA:147,0
DA:148,0
DA:150,0
DA:151,0
DA:153,0
DA:154,0
DA:160,1
DA:163,0
DA:164,0
DA:170,0
DA:173,0
DA:179,0
DA:180,0
DA:189,0
DA:192,0
DA:199,0
DA:200,0
DA:208,0
DA:211,0
DA:218,0
DA:219,0
DA:220,0
DA:229,0
DA:230,0
DA:231,0
DA:234,0
DA:237,0
DA:245,0
DA:246,0
DA:254,0
DA:257,0
DA:265,0
DA:266,0
DA:274,0
DA:277,0
DA:284,0
DA:285,0
DA:294,0
DA:297,0
DA:305,0
DA:306,0
DA:312,0
DA:315,0
DA:323,0
DA:324,0
DA:333,0
DA:336,0
DA:344,0
DA:345,0
DA:354,0
DA:357,0
DA:364,0
DA:365,0
DA:374,0
DA:377,0
DA:385,0
DA:386,0
DA:394,0
DA:397,0
DA:403,1
DA:407,0
LF:100
LH:4
BRDA:66,0,0,0
BRDA:66,0,1,0
BRDA:69,1,0,0
BRDA:69,1,1,0
BRDA:72,2,0,0
BRDA:72,2,1,0
BRDA:83,3,0,0
BRDA:83,3,1,0
BRDA:86,4,0,0
BRDA:86,4,1,0
BRDA:89,5,0,0
BRDA:89,5,1,0
BRDA:99,6,0,0
BRDA:99,6,1,0
BRDA:102,7,0,0
BRDA:102,7,1,0
BRDA:105,8,0,0
BRDA:105,8,1,0
BRDA:115,9,0,0
BRDA:115,9,1,0
BRDA:118,10,0,0
BRDA:118,10,1,0
BRDA:121,11,0,0
BRDA:121,11,1,0
BRDA:131,12,0,0
BRDA:131,12,1,0
BRDA:134,13,0,0
BRDA:134,13,1,0
BRDA:137,14,0,0
BRDA:137,14,1,0
BRDA:147,15,0,0
BRDA:147,15,1,0
BRDA:150,16,0,0
BRDA:150,16,1,0
BRDA:153,17,0,0
BRDA:153,17,1,0
BRDA:185,18,0,0
BRDA:185,18,1,0
BRDA:203,19,0,0
BRDA:203,19,1,0
BRDA:219,20,0,0
BRDA:219,20,1,0
BRDA:224,21,0,0
BRDA:224,21,1,0
BRDA:249,22,0,0
BRDA:249,22,1,0
BRDA:269,23,0,0
BRDA:269,23,1,0
BRDA:288,24,0,0
BRDA:288,24,1,0
BRDA:308,25,0,0
BRDA:308,25,1,0
BRDA:328,26,0,0
BRDA:328,26,1,0
BRDA:349,27,0,0
BRDA:349,27,1,0
BRDA:369,28,0,0
BRDA:369,28,1,0
BRDA:389,29,0,0
BRDA:389,29,1,0
BRF:60
BRH:0
end_of_record
TN:
SF:E:\deployment\fe_code_unit2\src\App.vue
FNF:0
FNH:0
LF:0
LH:0
BRF:0
BRH:0
end_of_record
TN:
SF:E:\deployment\fe_code_unit2\src\mock\index.js
FN:3,(anonymous_0)
FN:7,(anonymous_1)
FN:45,(anonymous_2)
FN:59,(anonymous_3)
FNF:4
FNH:0
FNDA:0,(anonymous_0)
FNDA:0,(anonymous_1)
FNDA:0,(anonymous_2)
FNDA:0,(anonymous_3)
DA:3,1
DA:4,0
DA:7,1
DA:8,0
DA:45,1
DA:46,0
DA:59,1
DA:60,0
LF:8
LH:4
BRF:0
BRH:0
end_of_record
TN:
SF:E:\deployment\fe_code_unit2\src\services\util.js
FN:1,(anonymous_0)
FN:41,(anonymous_1)
FN:58,(anonymous_2)
FN:60,(anonymous_3)
FN:62,(anonymous_4)
FN:75,(anonymous_5)
FN:87,(anonymous_6)
FNF:7
FNH:0
FNDA:0,(anonymous_0)
FNDA:0,(anonymous_1)
FNDA:0,(anonymous_2)
FNDA:0,(anonymous_3)
FNDA:0,(anonymous_4)
FNDA:0,(anonymous_5)
FNDA:0,(anonymous_6)
DA:1,1
DA:4,0
DA:5,0
DA:6,0
DA:10,0
DA:12,0
DA:13,0
DA:15,0
DA:17,0
DA:18,0
DA:22,0
DA:23,0
DA:24,0
DA:25,0
DA:26,0
DA:31,0
DA:32,0
DA:35,0
DA:36,0
DA:39,1
DA:40,1
DA:41,1
DA:42,0
DA:43,0
DA:44,0
DA:46,0
DA:47,0
DA:48,0
DA:49,0
DA:50,0
DA:51,0
DA:53,0
DA:54,0
DA:56,0
DA:58,1
DA:59,0
DA:61,0
DA:63,0
DA:75,1
DA:76,0
DA:77,0
DA:78,0
DA:79,0
DA:80,0
DA:81,0
DA:82,0
DA:83,0
DA:84,0
DA:87,1
DA:88,0
DA:97,0
DA:98,0
DA:100,0
DA:101,0
DA:102,0
DA:105,0
LF:56
LH:7
BRDA:4,0,0,0
BRDA:4,0,1,0
BRDA:10,1,0,0
BRDA:10,1,1,0
BRDA:10,2,0,0
BRDA:10,2,1,0
BRDA:15,3,0,0
BRDA:15,3,1,0
BRDA:22,4,0,0
BRDA:22,4,1,0
BRDA:31,5,0,0
BRDA:31,5,1,0
BRDA:43,6,0,0
BRDA:43,6,1,0
BRDA:49,7,0,0
BRDA:49,7,1,0
BRDA:59,8,0,0
BRDA:59,8,1,0
BRDA:59,9,0,0
BRDA:59,9,1,0
BRDA:76,10,0,0
BRDA:76,10,1,0
BRDA:77,11,0,0
BRDA:77,11,1,0
BRDA:78,12,0,0
BRDA:78,12,1,0
BRDA:79,13,0,0
BRDA:79,13,1,0
BRDA:80,14,0,0
BRDA:80,14,1,0
BRDA:81,15,0,0
BRDA:81,15,1,0
BRDA:82,16,0,0
BRDA:82,16,1,0
BRDA:83,17,0,0
BRDA:83,17,1,0
BRDA:84,18,0,0
BRDA:84,18,1,0
BRDA:84,19,0,0
BRDA:84,19,1,0
BRDA:97,20,0,0
BRDA:97,20,1,0
BRDA:101,21,0,0
BRDA:101,21,1,0
BRDA:102,22,0,0
BRDA:102,22,1,0
BRF:46
BRH:0
end_of_record
TN:
SF:E:\deployment\fe_code_unit2\src\views\ad\campaign\create\step3\group-create\group-create.bak.vue
FNF:0
FNH:0
DA:115,0
LF:1
LH:0
BRF:0
BRH:0
end_of_record
TN:
SF:E:\deployment\fe_code_unit2\src\views\ad\campaign\create\step3\group-create\rqb-create.vue
FNF:0
FNH:0
DA:18,0
LF:1
LH:0
BRF:0
BRH:0
end_of_record
TN:
SF:E:\deployment\fe_code_unit2\src\views\cm\public\activity-nav.vue
FNF:0
FNH:0
LF:0
LH:0
BRF:0
BRH:0
end_of_record
TN:
SF:E:\deployment\fe_code_unit2\src\views\cm\public\campaign-nav.vue
FNF:0
FNH:0
LF:0
LH:0
BRF:0
BRH:0
end_of_record
